<?xml version="1.0" encoding="UTF-8"?>
<robot generator="Robot 6.1.1 (Python 3.12.0 on darwin)" generated="20231020 20:10:04.486" rpa="false" schemaversion="4">
<suite id="s1" name="Movimentacoes" source="/Users/alexandresoaresdeoliveira/Documents/Altoro/Movimentacoes/Movimentacoes.robot">
<test id="s1-t1" name="Cenario: Consultar o saldo da conta Corporate" line="8">
<kw name="Acessa Banco Digital" library="LoginPage" type="SETUP">
<kw name="Open Browser" library="SeleniumLibrary">
<arg>${url}</arg>
<arg>${browser}</arg>
<doc>Opens a new browser instance to the optional ``url``.</doc>
<msg timestamp="20231020 20:10:04.561" level="INFO">Opening browser 'chrome' to base url 'http://altoromutual.com:8080/index.jsp'.</msg>
<status status="PASS" starttime="20231020 20:10:04.561" endtime="20231020 20:10:06.651"/>
</kw>
<status status="PASS" starttime="20231020 20:10:04.561" endtime="20231020 20:10:06.651"/>
</kw>
<kw name="Dado que desejo consultar meu saldo" library="ResourceMovimentacoes">
<kw name="Fazer Login" library="LoginPage">
<arg>${usuario}</arg>
<arg>${senha}</arg>
<kw name="Acessa Tela Login" library="LoginPage">
<kw name="Click Element" library="SeleniumLibrary">
<arg>id:AccountLink</arg>
<doc>Click the element identified by ``locator``.</doc>
<msg timestamp="20231020 20:10:06.653" level="INFO">Clicking element 'id:AccountLink'.</msg>
<status status="PASS" starttime="20231020 20:10:06.653" endtime="20231020 20:10:06.891"/>
</kw>
<status status="PASS" starttime="20231020 20:10:06.652" endtime="20231020 20:10:06.891"/>
</kw>
<kw name="Usuario" library="LoginPage">
<arg>${user}</arg>
<kw name="Input Text" library="SeleniumLibrary">
<arg>id:uid</arg>
<arg>${user}</arg>
<doc>Types the given ``text`` into the text field identified by ``locator``.</doc>
<msg timestamp="20231020 20:10:06.892" level="INFO">Typing text 'admin' into text field 'id:uid'.</msg>
<status status="PASS" starttime="20231020 20:10:06.891" endtime="20231020 20:10:07.008"/>
</kw>
<status status="PASS" starttime="20231020 20:10:06.891" endtime="20231020 20:10:07.008"/>
</kw>
<kw name="Senha" library="LoginPage">
<arg>${pswd}</arg>
<kw name="Input Password" library="SeleniumLibrary">
<arg>id:passw</arg>
<arg>${pswd}</arg>
<doc>Types the given password into the text field identified by ``locator``.</doc>
<msg timestamp="20231020 20:10:07.008" level="INFO">Typing password into text field 'id:passw'.</msg>
<msg timestamp="20231020 20:10:07.025" level="INFO">Temporally setting log level to: NONE</msg>
<msg timestamp="20231020 20:10:07.047" level="INFO">Log level changed from NONE to INFO.</msg>
<status status="PASS" starttime="20231020 20:10:07.008" endtime="20231020 20:10:07.047"/>
</kw>
<status status="PASS" starttime="20231020 20:10:07.008" endtime="20231020 20:10:07.047"/>
</kw>
<kw name="Botao Login" library="LoginPage">
<kw name="Click Element" library="SeleniumLibrary">
<arg>name:btnSubmit</arg>
<doc>Click the element identified by ``locator``.</doc>
<msg timestamp="20231020 20:10:07.047" level="INFO">Clicking element 'name:btnSubmit'.</msg>
<status status="PASS" starttime="20231020 20:10:07.047" endtime="20231020 20:10:07.431"/>
</kw>
<status status="PASS" starttime="20231020 20:10:07.047" endtime="20231020 20:10:07.431"/>
</kw>
<status status="PASS" starttime="20231020 20:10:06.652" endtime="20231020 20:10:07.431"/>
</kw>
<status status="PASS" starttime="20231020 20:10:06.652" endtime="20231020 20:10:07.431"/>
</kw>
<kw name="Quando acessar a tela de historico de movimentacoes da conta corrente 800000" library="ResourceMovimentacoes">
<kw name="Escolhe e Acessa com Conta Corporate" library="ContasPage">
<kw name="Acessa Historico Contas" library="ContasPage">
<kw name="Click Element" library="SeleniumLibrary">
<arg>id:btnGetAccount</arg>
<doc>Click the element identified by ``locator``.</doc>
<msg timestamp="20231020 20:10:07.433" level="INFO">Clicking element 'id:btnGetAccount'.</msg>
<status status="PASS" starttime="20231020 20:10:07.432" endtime="20231020 20:10:07.652"/>
</kw>
<status status="PASS" starttime="20231020 20:10:07.432" endtime="20231020 20:10:07.652"/>
</kw>
<status status="PASS" starttime="20231020 20:10:07.432" endtime="20231020 20:10:07.652"/>
</kw>
<kw name="Valida Historico Contas" library="ContasPage">
<if>
<branch type="IF" condition="&quot;${contaSelecionada}&quot; == &quot;${contaChecking}&quot;">
<kw name="Element Text Should Be" library="SeleniumLibrary">
<arg>xpath:/html/body/table[2]/tbody/tr/td[2]/div/h1</arg>
<arg>${msgChecking}</arg>
<doc>Verifies that element ``locator`` contains exact the text ``expected``.</doc>
<status status="NOT RUN" starttime="20231020 20:10:07.653" endtime="20231020 20:10:07.653"/>
</kw>
<status status="NOT RUN" starttime="20231020 20:10:07.652" endtime="20231020 20:10:07.653"/>
</branch>
<branch type="ELSE IF" condition="&quot;${contaSelecionada}&quot; == &quot;${contaCorporate}&quot;">
<kw name="Element Text Should Be" library="SeleniumLibrary">
<arg>xpath:/html/body/table[2]/tbody/tr/td[2]/div/h1</arg>
<arg>${msgCorporate}</arg>
<doc>Verifies that element ``locator`` contains exact the text ``expected``.</doc>
<status status="NOT RUN" starttime="20231020 20:10:07.653" endtime="20231020 20:10:07.653"/>
</kw>
<status status="NOT RUN" starttime="20231020 20:10:07.653" endtime="20231020 20:10:07.653"/>
</branch>
<status status="PASS" starttime="20231020 20:10:07.652" endtime="20231020 20:10:07.653"/>
</if>
<status status="PASS" starttime="20231020 20:10:07.652" endtime="20231020 20:10:07.653"/>
</kw>
<status status="PASS" starttime="20231020 20:10:07.432" endtime="20231020 20:10:07.653"/>
</kw>
<kw name="Entao será exibido o saldo disponivel na conta corporate" library="ResourceMovimentacoes">
<kw name="Valida Saldo" library="MovimentacoesPage">
<arg>${saldoCorporate}</arg>
<kw name="Element Text Should Be" library="SeleniumLibrary">
<arg>xpath:/html/body/table[2]/tbody/tr/td[2]/div/table/tbody/tr[1]/td/table/tbody/tr[3]/td[2]</arg>
<arg>${vlsaldo}</arg>
<doc>Verifies that element ``locator`` contains exact the text ``expected``.</doc>
<msg timestamp="20231020 20:10:07.655" level="INFO">Verifying element 'xpath:/html/body/table[2]/tbody/tr/td[2]/div/table/tbody/tr[1]/td/table/tbody/tr[3]/td[2]' contains exact text '$52394533.61'.</msg>
<status status="PASS" starttime="20231020 20:10:07.654" endtime="20231020 20:10:07.870"/>
</kw>
<kw name="Element Text Should Be" library="SeleniumLibrary">
<arg>xpath:/html/body/table[2]/tbody/tr/td[2]/div/table/tbody/tr[1]/td/table/tbody/tr[4]/td[2]</arg>
<arg>${vlsaldo}</arg>
<doc>Verifies that element ``locator`` contains exact the text ``expected``.</doc>
<msg timestamp="20231020 20:10:07.870" level="INFO">Verifying element 'xpath:/html/body/table[2]/tbody/tr/td[2]/div/table/tbody/tr[1]/td/table/tbody/tr[4]/td[2]' contains exact text '$52394533.61'.</msg>
<status status="PASS" starttime="20231020 20:10:07.870" endtime="20231020 20:10:07.882"/>
</kw>
<status status="PASS" starttime="20231020 20:10:07.654" endtime="20231020 20:10:07.882"/>
</kw>
<status status="PASS" starttime="20231020 20:10:07.654" endtime="20231020 20:10:07.882"/>
</kw>
<kw name="Encerra Sessao" library="LoginPage" type="TEARDOWN">
<kw name="Capture Page Screenshot" library="SeleniumLibrary">
<doc>Takes a screenshot of the current page and embeds it into a log file.</doc>
<msg timestamp="20231020 20:10:08.066" level="INFO" html="true">&lt;/td&gt;&lt;/tr&gt;&lt;tr&gt;&lt;td colspan="3"&gt;&lt;a href="selenium-screenshot-28.png"&gt;&lt;img src="selenium-screenshot-28.png" width="800px"&gt;&lt;/a&gt;</msg>
<status status="PASS" starttime="20231020 20:10:07.883" endtime="20231020 20:10:08.066"/>
</kw>
<kw name="Close Browser" library="SeleniumLibrary">
<doc>Closes the current browser.</doc>
<status status="PASS" starttime="20231020 20:10:08.066" endtime="20231020 20:10:08.143"/>
</kw>
<status status="PASS" starttime="20231020 20:10:07.883" endtime="20231020 20:10:08.143"/>
</kw>
<status status="PASS" starttime="20231020 20:10:04.561" endtime="20231020 20:10:08.143"/>
</test>
<test id="s1-t2" name="Cenario: Consultar o saldo da conta Checking" line="13">
<kw name="Acessa Banco Digital" library="LoginPage" type="SETUP">
<kw name="Open Browser" library="SeleniumLibrary">
<arg>${url}</arg>
<arg>${browser}</arg>
<doc>Opens a new browser instance to the optional ``url``.</doc>
<msg timestamp="20231020 20:10:08.144" level="INFO">Opening browser 'chrome' to base url 'http://altoromutual.com:8080/index.jsp'.</msg>
<status status="PASS" starttime="20231020 20:10:08.144" endtime="20231020 20:10:10.378"/>
</kw>
<status status="PASS" starttime="20231020 20:10:08.143" endtime="20231020 20:10:10.378"/>
</kw>
<kw name="Dado que desejo consultar meu saldo" library="ResourceMovimentacoes">
<kw name="Fazer Login" library="LoginPage">
<arg>${usuario}</arg>
<arg>${senha}</arg>
<kw name="Acessa Tela Login" library="LoginPage">
<kw name="Click Element" library="SeleniumLibrary">
<arg>id:AccountLink</arg>
<doc>Click the element identified by ``locator``.</doc>
<msg timestamp="20231020 20:10:10.381" level="INFO">Clicking element 'id:AccountLink'.</msg>
<status status="PASS" starttime="20231020 20:10:10.380" endtime="20231020 20:10:10.614"/>
</kw>
<status status="PASS" starttime="20231020 20:10:10.380" endtime="20231020 20:10:10.615"/>
</kw>
<kw name="Usuario" library="LoginPage">
<arg>${user}</arg>
<kw name="Input Text" library="SeleniumLibrary">
<arg>id:uid</arg>
<arg>${user}</arg>
<doc>Types the given ``text`` into the text field identified by ``locator``.</doc>
<msg timestamp="20231020 20:10:10.615" level="INFO">Typing text 'admin' into text field 'id:uid'.</msg>
<status status="PASS" starttime="20231020 20:10:10.615" endtime="20231020 20:10:10.724"/>
</kw>
<status status="PASS" starttime="20231020 20:10:10.615" endtime="20231020 20:10:10.724"/>
</kw>
<kw name="Senha" library="LoginPage">
<arg>${pswd}</arg>
<kw name="Input Password" library="SeleniumLibrary">
<arg>id:passw</arg>
<arg>${pswd}</arg>
<doc>Types the given password into the text field identified by ``locator``.</doc>
<msg timestamp="20231020 20:10:10.724" level="INFO">Typing password into text field 'id:passw'.</msg>
<msg timestamp="20231020 20:10:10.740" level="INFO">Temporally setting log level to: NONE</msg>
<msg timestamp="20231020 20:10:10.759" level="INFO">Log level changed from NONE to INFO.</msg>
<status status="PASS" starttime="20231020 20:10:10.724" endtime="20231020 20:10:10.760"/>
</kw>
<status status="PASS" starttime="20231020 20:10:10.724" endtime="20231020 20:10:10.760"/>
</kw>
<kw name="Botao Login" library="LoginPage">
<kw name="Click Element" library="SeleniumLibrary">
<arg>name:btnSubmit</arg>
<doc>Click the element identified by ``locator``.</doc>
<msg timestamp="20231020 20:10:10.760" level="INFO">Clicking element 'name:btnSubmit'.</msg>
<status status="PASS" starttime="20231020 20:10:10.760" endtime="20231020 20:10:11.236"/>
</kw>
<status status="PASS" starttime="20231020 20:10:10.760" endtime="20231020 20:10:11.236"/>
</kw>
<status status="PASS" starttime="20231020 20:10:10.379" endtime="20231020 20:10:11.236"/>
</kw>
<status status="PASS" starttime="20231020 20:10:10.379" endtime="20231020 20:10:11.237"/>
</kw>
<kw name="Quando acessar a tela de historico de movimentacoes da conta corrente 800001" library="ResourceMovimentacoes">
<kw name="Escolhe e Acessa com Conta Checking" library="ContasPage">
<kw name="Seleciona Conta Checking" library="ContasPage">
<kw name="Select From List By Value" library="SeleniumLibrary">
<var>${contaSelecionada}</var>
<arg>id:listAccounts</arg>
<arg>${contaChecking}</arg>
<doc>Selects options from selection list ``locator`` by ``values``.</doc>
<msg timestamp="20231020 20:10:11.238" level="INFO">Selecting options from selection list 'id:listAccounts' by value 800001.</msg>
<msg timestamp="20231020 20:10:11.290" level="INFO">${contaSelecionada} = None</msg>
<status status="PASS" starttime="20231020 20:10:11.237" endtime="20231020 20:10:11.290"/>
</kw>
<status status="PASS" starttime="20231020 20:10:11.237" endtime="20231020 20:10:11.290"/>
</kw>
<kw name="Acessa Historico Contas" library="ContasPage">
<kw name="Click Element" library="SeleniumLibrary">
<arg>id:btnGetAccount</arg>
<doc>Click the element identified by ``locator``.</doc>
<msg timestamp="20231020 20:10:11.290" level="INFO">Clicking element 'id:btnGetAccount'.</msg>
<status status="PASS" starttime="20231020 20:10:11.290" endtime="20231020 20:10:11.480"/>
</kw>
<status status="PASS" starttime="20231020 20:10:11.290" endtime="20231020 20:10:11.481"/>
</kw>
<status status="PASS" starttime="20231020 20:10:11.237" endtime="20231020 20:10:11.481"/>
</kw>
<kw name="Valida Historico Contas" library="ContasPage">
<if>
<branch type="IF" condition="&quot;${contaSelecionada}&quot; == &quot;${contaChecking}&quot;">
<kw name="Element Text Should Be" library="SeleniumLibrary">
<arg>xpath:/html/body/table[2]/tbody/tr/td[2]/div/h1</arg>
<arg>${msgChecking}</arg>
<doc>Verifies that element ``locator`` contains exact the text ``expected``.</doc>
<status status="NOT RUN" starttime="20231020 20:10:11.482" endtime="20231020 20:10:11.482"/>
</kw>
<status status="NOT RUN" starttime="20231020 20:10:11.481" endtime="20231020 20:10:11.482"/>
</branch>
<branch type="ELSE IF" condition="&quot;${contaSelecionada}&quot; == &quot;${contaCorporate}&quot;">
<kw name="Element Text Should Be" library="SeleniumLibrary">
<arg>xpath:/html/body/table[2]/tbody/tr/td[2]/div/h1</arg>
<arg>${msgCorporate}</arg>
<doc>Verifies that element ``locator`` contains exact the text ``expected``.</doc>
<status status="NOT RUN" starttime="20231020 20:10:11.482" endtime="20231020 20:10:11.482"/>
</kw>
<status status="NOT RUN" starttime="20231020 20:10:11.482" endtime="20231020 20:10:11.482"/>
</branch>
<status status="PASS" starttime="20231020 20:10:11.481" endtime="20231020 20:10:11.482"/>
</if>
<status status="PASS" starttime="20231020 20:10:11.481" endtime="20231020 20:10:11.482"/>
</kw>
<status status="PASS" starttime="20231020 20:10:11.237" endtime="20231020 20:10:11.482"/>
</kw>
<kw name="Entao será exibido o saldo disponivel na conta checking" library="ResourceMovimentacoes">
<kw name="Valida Saldo" library="MovimentacoesPage">
<arg>${saldoChecking}</arg>
<kw name="Element Text Should Be" library="SeleniumLibrary">
<arg>xpath:/html/body/table[2]/tbody/tr/td[2]/div/table/tbody/tr[1]/td/table/tbody/tr[3]/td[2]</arg>
<arg>${vlsaldo}</arg>
<doc>Verifies that element ``locator`` contains exact the text ``expected``.</doc>
<msg timestamp="20231020 20:10:11.483" level="INFO">Verifying element 'xpath:/html/body/table[2]/tbody/tr/td[2]/div/table/tbody/tr[1]/td/table/tbody/tr[3]/td[2]' contains exact text '$94020.44'.</msg>
<status status="PASS" starttime="20231020 20:10:11.483" endtime="20231020 20:10:11.767"/>
</kw>
<kw name="Element Text Should Be" library="SeleniumLibrary">
<arg>xpath:/html/body/table[2]/tbody/tr/td[2]/div/table/tbody/tr[1]/td/table/tbody/tr[4]/td[2]</arg>
<arg>${vlsaldo}</arg>
<doc>Verifies that element ``locator`` contains exact the text ``expected``.</doc>
<msg timestamp="20231020 20:10:11.768" level="INFO">Verifying element 'xpath:/html/body/table[2]/tbody/tr/td[2]/div/table/tbody/tr[1]/td/table/tbody/tr[4]/td[2]' contains exact text '$94020.44'.</msg>
<status status="PASS" starttime="20231020 20:10:11.767" endtime="20231020 20:10:11.780"/>
</kw>
<status status="PASS" starttime="20231020 20:10:11.482" endtime="20231020 20:10:11.780"/>
</kw>
<status status="PASS" starttime="20231020 20:10:11.482" endtime="20231020 20:10:11.780"/>
</kw>
<kw name="Encerra Sessao" library="LoginPage" type="TEARDOWN">
<kw name="Capture Page Screenshot" library="SeleniumLibrary">
<doc>Takes a screenshot of the current page and embeds it into a log file.</doc>
<msg timestamp="20231020 20:10:11.965" level="INFO" html="true">&lt;/td&gt;&lt;/tr&gt;&lt;tr&gt;&lt;td colspan="3"&gt;&lt;a href="selenium-screenshot-29.png"&gt;&lt;img src="selenium-screenshot-29.png" width="800px"&gt;&lt;/a&gt;</msg>
<status status="PASS" starttime="20231020 20:10:11.780" endtime="20231020 20:10:11.965"/>
</kw>
<kw name="Close Browser" library="SeleniumLibrary">
<doc>Closes the current browser.</doc>
<status status="PASS" starttime="20231020 20:10:11.965" endtime="20231020 20:10:12.031"/>
</kw>
<status status="PASS" starttime="20231020 20:10:11.780" endtime="20231020 20:10:12.031"/>
</kw>
<status status="PASS" starttime="20231020 20:10:08.143" endtime="20231020 20:10:12.031"/>
</test>
<test id="s1-t3" name="Cenario: Verificar as movimentacoes do cartao de credito" line="18">
<kw name="Acessa Banco Digital" library="LoginPage" type="SETUP">
<kw name="Open Browser" library="SeleniumLibrary">
<arg>${url}</arg>
<arg>${browser}</arg>
<doc>Opens a new browser instance to the optional ``url``.</doc>
<msg timestamp="20231020 20:10:12.032" level="INFO">Opening browser 'chrome' to base url 'http://altoromutual.com:8080/index.jsp'.</msg>
<status status="PASS" starttime="20231020 20:10:12.031" endtime="20231020 20:10:14.069"/>
</kw>
<status status="PASS" starttime="20231020 20:10:12.031" endtime="20231020 20:10:14.069"/>
</kw>
<kw name="Dado que estou na tela de extrato" library="ResourceMovimentacoes">
<kw name="Fazer Login" library="LoginPage">
<arg>${usuario}</arg>
<arg>${senha}</arg>
<kw name="Acessa Tela Login" library="LoginPage">
<kw name="Click Element" library="SeleniumLibrary">
<arg>id:AccountLink</arg>
<doc>Click the element identified by ``locator``.</doc>
<msg timestamp="20231020 20:10:14.071" level="INFO">Clicking element 'id:AccountLink'.</msg>
<status status="PASS" starttime="20231020 20:10:14.070" endtime="20231020 20:10:14.307"/>
</kw>
<status status="PASS" starttime="20231020 20:10:14.070" endtime="20231020 20:10:14.307"/>
</kw>
<kw name="Usuario" library="LoginPage">
<arg>${user}</arg>
<kw name="Input Text" library="SeleniumLibrary">
<arg>id:uid</arg>
<arg>${user}</arg>
<doc>Types the given ``text`` into the text field identified by ``locator``.</doc>
<msg timestamp="20231020 20:10:14.308" level="INFO">Typing text 'admin' into text field 'id:uid'.</msg>
<status status="PASS" starttime="20231020 20:10:14.308" endtime="20231020 20:10:14.414"/>
</kw>
<status status="PASS" starttime="20231020 20:10:14.307" endtime="20231020 20:10:14.414"/>
</kw>
<kw name="Senha" library="LoginPage">
<arg>${pswd}</arg>
<kw name="Input Password" library="SeleniumLibrary">
<arg>id:passw</arg>
<arg>${pswd}</arg>
<doc>Types the given password into the text field identified by ``locator``.</doc>
<msg timestamp="20231020 20:10:14.415" level="INFO">Typing password into text field 'id:passw'.</msg>
<msg timestamp="20231020 20:10:14.432" level="INFO">Temporally setting log level to: NONE</msg>
<msg timestamp="20231020 20:10:14.451" level="INFO">Log level changed from NONE to INFO.</msg>
<status status="PASS" starttime="20231020 20:10:14.415" endtime="20231020 20:10:14.452"/>
</kw>
<status status="PASS" starttime="20231020 20:10:14.414" endtime="20231020 20:10:14.452"/>
</kw>
<kw name="Botao Login" library="LoginPage">
<kw name="Click Element" library="SeleniumLibrary">
<arg>name:btnSubmit</arg>
<doc>Click the element identified by ``locator``.</doc>
<msg timestamp="20231020 20:10:14.452" level="INFO">Clicking element 'name:btnSubmit'.</msg>
<status status="PASS" starttime="20231020 20:10:14.452" endtime="20231020 20:10:14.925"/>
</kw>
<status status="PASS" starttime="20231020 20:10:14.452" endtime="20231020 20:10:14.925"/>
</kw>
<status status="PASS" starttime="20231020 20:10:14.070" endtime="20231020 20:10:14.925"/>
</kw>
<kw name="Escolhe e Acessa com Conta Corporate" library="ContasPage">
<kw name="Acessa Historico Contas" library="ContasPage">
<kw name="Click Element" library="SeleniumLibrary">
<arg>id:btnGetAccount</arg>
<doc>Click the element identified by ``locator``.</doc>
<msg timestamp="20231020 20:10:14.926" level="INFO">Clicking element 'id:btnGetAccount'.</msg>
<status status="PASS" starttime="20231020 20:10:14.926" endtime="20231020 20:10:15.212"/>
</kw>
<status status="PASS" starttime="20231020 20:10:14.926" endtime="20231020 20:10:15.212"/>
</kw>
<status status="PASS" starttime="20231020 20:10:14.925" endtime="20231020 20:10:15.212"/>
</kw>
<status status="PASS" starttime="20231020 20:10:14.070" endtime="20231020 20:10:15.212"/>
</kw>
<kw name="Quando consultar as movimentacoes de credito" library="ResourceMovimentacoes">
<kw name="Valida Historico Credito" library="MovimentacoesPage">
<arg>${credito}</arg>
<kw name="Element Text Should Be" library="SeleniumLibrary">
<arg>xpath:/html/body/table[2]/tbody/tr/td[2]/div/table/tbody/tr[3]/td/b</arg>
<arg>${tipoTransacao}</arg>
<doc>Verifies that element ``locator`` contains exact the text ``expected``.</doc>
<msg timestamp="20231020 20:10:15.214" level="INFO">Verifying element 'xpath:/html/body/table[2]/tbody/tr/td[2]/div/table/tbody/tr[3]/td/b' contains exact text 'Credits'.</msg>
<status status="PASS" starttime="20231020 20:10:15.214" endtime="20231020 20:10:15.640"/>
</kw>
<status status="PASS" starttime="20231020 20:10:15.213" endtime="20231020 20:10:15.640"/>
</kw>
<status status="PASS" starttime="20231020 20:10:15.213" endtime="20231020 20:10:15.640"/>
</kw>
<kw name="Entao será exibido o historico de transacoes na funcao credito" library="ResourceMovimentacoes">
<kw name="Valida Movimentacoes Credito" library="MovimentacoesPage">
<arg>${idTransac}</arg>
<arg>${credData}</arg>
<arg>${credDesc}</arg>
<arg>${credValor}</arg>
<kw name="Element Text Should Be" library="SeleniumLibrary">
<arg>xpath://*[@id="credits"]/table/tbody/tr[1]/td[1]</arg>
<arg>${idTransacao}</arg>
<doc>Verifies that element ``locator`` contains exact the text ``expected``.</doc>
<msg timestamp="20231020 20:10:15.641" level="INFO">Verifying element 'xpath://*[@id="credits"]/table/tbody/tr[1]/td[1]' contains exact text '1001160140'.</msg>
<status status="PASS" starttime="20231020 20:10:15.641" endtime="20231020 20:10:15.658"/>
</kw>
<kw name="Element Text Should Be" library="SeleniumLibrary">
<arg>xpath://*[@id="credits"]/table/tbody/tr[1]/td[2]</arg>
<arg>${data}</arg>
<doc>Verifies that element ``locator`` contains exact the text ``expected``.</doc>
<msg timestamp="20231020 20:10:15.659" level="INFO">Verifying element 'xpath://*[@id="credits"]/table/tbody/tr[1]/td[2]' contains exact text '12/29/2004'.</msg>
<status status="PASS" starttime="20231020 20:10:15.659" endtime="20231020 20:10:15.673"/>
</kw>
<kw name="Element Text Should Be" library="SeleniumLibrary">
<arg>xpath://*[@id="credits"]/table/tbody/tr[1]/td[3]</arg>
<arg>${descricao}</arg>
<doc>Verifies that element ``locator`` contains exact the text ``expected``.</doc>
<msg timestamp="20231020 20:10:15.673" level="INFO">Verifying element 'xpath://*[@id="credits"]/table/tbody/tr[1]/td[3]' contains exact text 'Paycheck'.</msg>
<status status="PASS" starttime="20231020 20:10:15.673" endtime="20231020 20:10:15.685"/>
</kw>
<kw name="Element Text Should Be" library="SeleniumLibrary">
<arg>xpath://*[@id="credits"]/table/tbody/tr[1]/td[4]</arg>
<arg>${valor}</arg>
<doc>Verifies that element ``locator`` contains exact the text ``expected``.</doc>
<msg timestamp="20231020 20:10:15.686" level="INFO">Verifying element 'xpath://*[@id="credits"]/table/tbody/tr[1]/td[4]' contains exact text '1200'.</msg>
<status status="PASS" starttime="20231020 20:10:15.685" endtime="20231020 20:10:15.696"/>
</kw>
<status status="PASS" starttime="20231020 20:10:15.641" endtime="20231020 20:10:15.696"/>
</kw>
<status status="PASS" starttime="20231020 20:10:15.640" endtime="20231020 20:10:15.696"/>
</kw>
<kw name="Encerra Sessao" library="LoginPage" type="TEARDOWN">
<kw name="Capture Page Screenshot" library="SeleniumLibrary">
<doc>Takes a screenshot of the current page and embeds it into a log file.</doc>
<msg timestamp="20231020 20:10:15.878" level="INFO" html="true">&lt;/td&gt;&lt;/tr&gt;&lt;tr&gt;&lt;td colspan="3"&gt;&lt;a href="selenium-screenshot-30.png"&gt;&lt;img src="selenium-screenshot-30.png" width="800px"&gt;&lt;/a&gt;</msg>
<status status="PASS" starttime="20231020 20:10:15.696" endtime="20231020 20:10:15.878"/>
</kw>
<kw name="Close Browser" library="SeleniumLibrary">
<doc>Closes the current browser.</doc>
<status status="PASS" starttime="20231020 20:10:15.878" endtime="20231020 20:10:15.944"/>
</kw>
<status status="PASS" starttime="20231020 20:10:15.696" endtime="20231020 20:10:15.944"/>
</kw>
<status status="PASS" starttime="20231020 20:10:12.031" endtime="20231020 20:10:15.944"/>
</test>
<test id="s1-t4" name="Cenario: Verificar as movimentacoes do cartao de debito" line="23">
<kw name="Acessa Banco Digital" library="LoginPage" type="SETUP">
<kw name="Open Browser" library="SeleniumLibrary">
<arg>${url}</arg>
<arg>${browser}</arg>
<doc>Opens a new browser instance to the optional ``url``.</doc>
<msg timestamp="20231020 20:10:15.945" level="INFO">Opening browser 'chrome' to base url 'http://altoromutual.com:8080/index.jsp'.</msg>
<status status="PASS" starttime="20231020 20:10:15.945" endtime="20231020 20:10:18.080"/>
</kw>
<status status="PASS" starttime="20231020 20:10:15.944" endtime="20231020 20:10:18.080"/>
</kw>
<kw name="Dado que estou na tela de extrato" library="ResourceMovimentacoes">
<kw name="Fazer Login" library="LoginPage">
<arg>${usuario}</arg>
<arg>${senha}</arg>
<kw name="Acessa Tela Login" library="LoginPage">
<kw name="Click Element" library="SeleniumLibrary">
<arg>id:AccountLink</arg>
<doc>Click the element identified by ``locator``.</doc>
<msg timestamp="20231020 20:10:18.084" level="INFO">Clicking element 'id:AccountLink'.</msg>
<status status="PASS" starttime="20231020 20:10:18.082" endtime="20231020 20:10:18.319"/>
</kw>
<status status="PASS" starttime="20231020 20:10:18.082" endtime="20231020 20:10:18.319"/>
</kw>
<kw name="Usuario" library="LoginPage">
<arg>${user}</arg>
<kw name="Input Text" library="SeleniumLibrary">
<arg>id:uid</arg>
<arg>${user}</arg>
<doc>Types the given ``text`` into the text field identified by ``locator``.</doc>
<msg timestamp="20231020 20:10:18.320" level="INFO">Typing text 'admin' into text field 'id:uid'.</msg>
<status status="PASS" starttime="20231020 20:10:18.319" endtime="20231020 20:10:18.424"/>
</kw>
<status status="PASS" starttime="20231020 20:10:18.319" endtime="20231020 20:10:18.424"/>
</kw>
<kw name="Senha" library="LoginPage">
<arg>${pswd}</arg>
<kw name="Input Password" library="SeleniumLibrary">
<arg>id:passw</arg>
<arg>${pswd}</arg>
<doc>Types the given password into the text field identified by ``locator``.</doc>
<msg timestamp="20231020 20:10:18.425" level="INFO">Typing password into text field 'id:passw'.</msg>
<msg timestamp="20231020 20:10:18.441" level="INFO">Temporally setting log level to: NONE</msg>
<msg timestamp="20231020 20:10:18.465" level="INFO">Log level changed from NONE to INFO.</msg>
<status status="PASS" starttime="20231020 20:10:18.424" endtime="20231020 20:10:18.465"/>
</kw>
<status status="PASS" starttime="20231020 20:10:18.424" endtime="20231020 20:10:18.465"/>
</kw>
<kw name="Botao Login" library="LoginPage">
<kw name="Click Element" library="SeleniumLibrary">
<arg>name:btnSubmit</arg>
<doc>Click the element identified by ``locator``.</doc>
<msg timestamp="20231020 20:10:18.465" level="INFO">Clicking element 'name:btnSubmit'.</msg>
<status status="PASS" starttime="20231020 20:10:18.465" endtime="20231020 20:10:18.849"/>
</kw>
<status status="PASS" starttime="20231020 20:10:18.465" endtime="20231020 20:10:18.849"/>
</kw>
<status status="PASS" starttime="20231020 20:10:18.081" endtime="20231020 20:10:18.849"/>
</kw>
<kw name="Escolhe e Acessa com Conta Corporate" library="ContasPage">
<kw name="Acessa Historico Contas" library="ContasPage">
<kw name="Click Element" library="SeleniumLibrary">
<arg>id:btnGetAccount</arg>
<doc>Click the element identified by ``locator``.</doc>
<msg timestamp="20231020 20:10:18.851" level="INFO">Clicking element 'id:btnGetAccount'.</msg>
<status status="PASS" starttime="20231020 20:10:18.850" endtime="20231020 20:10:19.069"/>
</kw>
<status status="PASS" starttime="20231020 20:10:18.850" endtime="20231020 20:10:19.070"/>
</kw>
<status status="PASS" starttime="20231020 20:10:18.849" endtime="20231020 20:10:19.070"/>
</kw>
<status status="PASS" starttime="20231020 20:10:18.081" endtime="20231020 20:10:19.070"/>
</kw>
<kw name="Quando consultar as movimentacoes de debito" library="ResourceMovimentacoes">
<kw name="Valida Historico Debito" library="MovimentacoesPage">
<arg>${debito}</arg>
<kw name="Scroll Element Into View" library="SeleniumLibrary">
<arg>xpath:/html/body/table[2]/tbody/tr/td[2]/div</arg>
<doc>Scrolls the element identified by ``locator`` into view.</doc>
<status status="PASS" starttime="20231020 20:10:19.071" endtime="20231020 20:10:19.522"/>
</kw>
<kw name="Element Text Should Be" library="SeleniumLibrary">
<arg>xpath:/html/body/table[2]/tbody/tr/td[2]/div/table/tbody/tr[4]/td/b</arg>
<arg>${tipoTransacao}</arg>
<doc>Verifies that element ``locator`` contains exact the text ``expected``.</doc>
<msg timestamp="20231020 20:10:19.523" level="INFO">Verifying element 'xpath:/html/body/table[2]/tbody/tr/td[2]/div/table/tbody/tr[4]/td/b' contains exact text 'Debits'.</msg>
<status status="PASS" starttime="20231020 20:10:19.522" endtime="20231020 20:10:19.549"/>
</kw>
<status status="PASS" starttime="20231020 20:10:19.070" endtime="20231020 20:10:19.549"/>
</kw>
<status status="PASS" starttime="20231020 20:10:19.070" endtime="20231020 20:10:19.549"/>
</kw>
<kw name="Entao será exibido o historico de transacoes na funcao debito" library="ResourceMovimentacoes">
<kw name="Valida Movimentacoes Debito" library="MovimentacoesPage">
<arg>${idTransac}</arg>
<arg>${debitData}</arg>
<arg>${debitDesc}</arg>
<arg>${debitValor}</arg>
<kw name="Element Text Should Be" library="SeleniumLibrary">
<arg>xpath://*[@id="debits"]/table/tbody/tr[1]/td[1]</arg>
<arg>${idTransacao}</arg>
<doc>Verifies that element ``locator`` contains exact the text ``expected``.</doc>
<msg timestamp="20231020 20:10:19.550" level="INFO">Verifying element 'xpath://*[@id="debits"]/table/tbody/tr[1]/td[1]' contains exact text '1001160140'.</msg>
<status status="PASS" starttime="20231020 20:10:19.549" endtime="20231020 20:10:19.565"/>
</kw>
<kw name="Element Text Should Be" library="SeleniumLibrary">
<arg>xpath://*[@id="debits"]/table/tbody/tr[1]/td[2]</arg>
<arg>${data}</arg>
<doc>Verifies that element ``locator`` contains exact the text ``expected``.</doc>
<msg timestamp="20231020 20:10:19.565" level="INFO">Verifying element 'xpath://*[@id="debits"]/table/tbody/tr[1]/td[2]' contains exact text '01/17/2005'.</msg>
<status status="PASS" starttime="20231020 20:10:19.565" endtime="20231020 20:10:19.578"/>
</kw>
<kw name="Element Text Should Be" library="SeleniumLibrary">
<arg>xpath://*[@id="debits"]/table/tbody/tr[1]/td[3]</arg>
<arg>${descricao}</arg>
<doc>Verifies that element ``locator`` contains exact the text ``expected``.</doc>
<msg timestamp="20231020 20:10:19.578" level="INFO">Verifying element 'xpath://*[@id="debits"]/table/tbody/tr[1]/td[3]' contains exact text 'Withdrawal'.</msg>
<status status="PASS" starttime="20231020 20:10:19.578" endtime="20231020 20:10:19.589"/>
</kw>
<kw name="Element Text Should Be" library="SeleniumLibrary">
<arg>xpath://*[@id="debits"]/table/tbody/tr[1]/td[4]</arg>
<arg>${valor}</arg>
<doc>Verifies that element ``locator`` contains exact the text ``expected``.</doc>
<msg timestamp="20231020 20:10:19.589" level="INFO">Verifying element 'xpath://*[@id="debits"]/table/tbody/tr[1]/td[4]' contains exact text '2.85'.</msg>
<status status="PASS" starttime="20231020 20:10:19.589" endtime="20231020 20:10:19.600"/>
</kw>
<status status="PASS" starttime="20231020 20:10:19.549" endtime="20231020 20:10:19.600"/>
</kw>
<status status="PASS" starttime="20231020 20:10:19.549" endtime="20231020 20:10:19.600"/>
</kw>
<kw name="Encerra Sessao" library="LoginPage" type="TEARDOWN">
<kw name="Capture Page Screenshot" library="SeleniumLibrary">
<doc>Takes a screenshot of the current page and embeds it into a log file.</doc>
<msg timestamp="20231020 20:10:19.760" level="INFO" html="true">&lt;/td&gt;&lt;/tr&gt;&lt;tr&gt;&lt;td colspan="3"&gt;&lt;a href="selenium-screenshot-31.png"&gt;&lt;img src="selenium-screenshot-31.png" width="800px"&gt;&lt;/a&gt;</msg>
<status status="PASS" starttime="20231020 20:10:19.600" endtime="20231020 20:10:19.760"/>
</kw>
<kw name="Close Browser" library="SeleniumLibrary">
<doc>Closes the current browser.</doc>
<status status="PASS" starttime="20231020 20:10:19.760" endtime="20231020 20:10:19.827"/>
</kw>
<status status="PASS" starttime="20231020 20:10:19.600" endtime="20231020 20:10:19.827"/>
</kw>
<status status="PASS" starttime="20231020 20:10:15.944" endtime="20231020 20:10:19.827"/>
</test>
<test id="s1-t5" name="Cenario: Consultar transacoes recentes" line="28">
<kw name="Acessa Banco Digital" library="LoginPage" type="SETUP">
<kw name="Open Browser" library="SeleniumLibrary">
<arg>${url}</arg>
<arg>${browser}</arg>
<doc>Opens a new browser instance to the optional ``url``.</doc>
<msg timestamp="20231020 20:10:19.828" level="INFO">Opening browser 'chrome' to base url 'http://altoromutual.com:8080/index.jsp'.</msg>
<status status="PASS" starttime="20231020 20:10:19.828" endtime="20231020 20:10:22.047"/>
</kw>
<status status="PASS" starttime="20231020 20:10:19.828" endtime="20231020 20:10:22.047"/>
</kw>
<kw name="Dado que estou na tela de extrato" library="ResourceMovimentacoes">
<kw name="Fazer Login" library="LoginPage">
<arg>${usuario}</arg>
<arg>${senha}</arg>
<kw name="Acessa Tela Login" library="LoginPage">
<kw name="Click Element" library="SeleniumLibrary">
<arg>id:AccountLink</arg>
<doc>Click the element identified by ``locator``.</doc>
<msg timestamp="20231020 20:10:22.050" level="INFO">Clicking element 'id:AccountLink'.</msg>
<status status="PASS" starttime="20231020 20:10:22.049" endtime="20231020 20:10:22.285"/>
</kw>
<status status="PASS" starttime="20231020 20:10:22.049" endtime="20231020 20:10:22.285"/>
</kw>
<kw name="Usuario" library="LoginPage">
<arg>${user}</arg>
<kw name="Input Text" library="SeleniumLibrary">
<arg>id:uid</arg>
<arg>${user}</arg>
<doc>Types the given ``text`` into the text field identified by ``locator``.</doc>
<msg timestamp="20231020 20:10:22.286" level="INFO">Typing text 'admin' into text field 'id:uid'.</msg>
<status status="PASS" starttime="20231020 20:10:22.286" endtime="20231020 20:10:22.395"/>
</kw>
<status status="PASS" starttime="20231020 20:10:22.286" endtime="20231020 20:10:22.396"/>
</kw>
<kw name="Senha" library="LoginPage">
<arg>${pswd}</arg>
<kw name="Input Password" library="SeleniumLibrary">
<arg>id:passw</arg>
<arg>${pswd}</arg>
<doc>Types the given password into the text field identified by ``locator``.</doc>
<msg timestamp="20231020 20:10:22.396" level="INFO">Typing password into text field 'id:passw'.</msg>
<msg timestamp="20231020 20:10:22.413" level="INFO">Temporally setting log level to: NONE</msg>
<msg timestamp="20231020 20:10:22.434" level="INFO">Log level changed from NONE to INFO.</msg>
<status status="PASS" starttime="20231020 20:10:22.396" endtime="20231020 20:10:22.434"/>
</kw>
<status status="PASS" starttime="20231020 20:10:22.396" endtime="20231020 20:10:22.434"/>
</kw>
<kw name="Botao Login" library="LoginPage">
<kw name="Click Element" library="SeleniumLibrary">
<arg>name:btnSubmit</arg>
<doc>Click the element identified by ``locator``.</doc>
<msg timestamp="20231020 20:10:22.435" level="INFO">Clicking element 'name:btnSubmit'.</msg>
<status status="PASS" starttime="20231020 20:10:22.435" endtime="20231020 20:10:22.908"/>
</kw>
<status status="PASS" starttime="20231020 20:10:22.434" endtime="20231020 20:10:22.908"/>
</kw>
<status status="PASS" starttime="20231020 20:10:22.048" endtime="20231020 20:10:22.908"/>
</kw>
<kw name="Escolhe e Acessa com Conta Corporate" library="ContasPage">
<kw name="Acessa Historico Contas" library="ContasPage">
<kw name="Click Element" library="SeleniumLibrary">
<arg>id:btnGetAccount</arg>
<doc>Click the element identified by ``locator``.</doc>
<msg timestamp="20231020 20:10:22.909" level="INFO">Clicking element 'id:btnGetAccount'.</msg>
<status status="PASS" starttime="20231020 20:10:22.908" endtime="20231020 20:10:23.117"/>
</kw>
<status status="PASS" starttime="20231020 20:10:22.908" endtime="20231020 20:10:23.117"/>
</kw>
<status status="PASS" starttime="20231020 20:10:22.908" endtime="20231020 20:10:23.117"/>
</kw>
<status status="PASS" starttime="20231020 20:10:22.048" endtime="20231020 20:10:23.117"/>
</kw>
<kw name="Quando acessar a tela de transacoes recentes" library="ResourceMovimentacoes">
<kw name="Btn Trasacoes recentes" library="MovimentacoesPage">
<kw name="Click Element" library="SeleniumLibrary">
<arg>id:MenuHyperLink2</arg>
<doc>Click the element identified by ``locator``.</doc>
<msg timestamp="20231020 20:10:23.119" level="INFO">Clicking element 'id:MenuHyperLink2'.</msg>
<status status="PASS" starttime="20231020 20:10:23.119" endtime="20231020 20:10:23.642"/>
</kw>
<status status="PASS" starttime="20231020 20:10:23.118" endtime="20231020 20:10:23.642"/>
</kw>
<kw name="Valida Tela Trasacoes Recentes" library="MovimentacoesPage">
<arg>${msgTransacRecentes}</arg>
<kw name="Element Text Should Be" library="SeleniumLibrary">
<arg>xpath:/html/body/table[2]/tbody/tr/td[2]/div/h1</arg>
<arg>${msgTrasacoesRecentes}</arg>
<doc>Verifies that element ``locator`` contains exact the text ``expected``.</doc>
<msg timestamp="20231020 20:10:23.643" level="INFO">Verifying element 'xpath:/html/body/table[2]/tbody/tr/td[2]/div/h1' contains exact text 'Recent Transactions'.</msg>
<status status="PASS" starttime="20231020 20:10:23.642" endtime="20231020 20:10:23.668"/>
</kw>
<status status="PASS" starttime="20231020 20:10:23.642" endtime="20231020 20:10:23.668"/>
</kw>
<status status="PASS" starttime="20231020 20:10:23.118" endtime="20231020 20:10:23.668"/>
</kw>
<kw name="E inserir o range de data que desejo ver" library="ResourceMovimentacoes">
<kw name="Insere Data Transacao Antiga" library="MovimentacoesPage">
<arg>${dtAfter}</arg>
<kw name="Input Text" library="SeleniumLibrary">
<arg>id:startDate</arg>
<arg>${dataInicial}</arg>
<doc>Types the given ``text`` into the text field identified by ``locator``.</doc>
<msg timestamp="20231020 20:10:23.668" level="INFO">Typing text '2023-01-01' into text field 'id:startDate'.</msg>
<status status="PASS" starttime="20231020 20:10:23.668" endtime="20231020 20:10:23.708"/>
</kw>
<status status="PASS" starttime="20231020 20:10:23.668" endtime="20231020 20:10:23.708"/>
</kw>
<kw name="Insere Data Transacao Recente" library="MovimentacoesPage">
<arg>${dtBefore}</arg>
<kw name="Input Text" library="SeleniumLibrary">
<arg>id:endDate</arg>
<arg>${dataFinal}</arg>
<doc>Types the given ``text`` into the text field identified by ``locator``.</doc>
<msg timestamp="20231020 20:10:23.709" level="INFO">Typing text '2023-10-01' into text field 'id:endDate'.</msg>
<status status="PASS" starttime="20231020 20:10:23.709" endtime="20231020 20:10:23.742"/>
</kw>
<status status="PASS" starttime="20231020 20:10:23.708" endtime="20231020 20:10:23.742"/>
</kw>
<kw name="Btn Pesquisar Trasacoes" library="MovimentacoesPage">
<kw name="Click Element" library="SeleniumLibrary">
<arg>xpath://*[@id="Form1"]//input[@value='Submit']</arg>
<doc>Click the element identified by ``locator``.</doc>
<msg timestamp="20231020 20:10:23.742" level="INFO">Clicking element 'xpath://*[@id="Form1"]//input[@value='Submit']'.</msg>
<status status="PASS" starttime="20231020 20:10:23.742" endtime="20231020 20:10:23.944"/>
</kw>
<status status="PASS" starttime="20231020 20:10:23.742" endtime="20231020 20:10:23.944"/>
</kw>
<status status="PASS" starttime="20231020 20:10:23.668" endtime="20231020 20:10:23.944"/>
</kw>
<kw name="Entao será exibido caso haja movimentacoes no periodo" library="ResourceMovimentacoes">
<kw name="Valida Transacoes Recentes" library="MovimentacoesPage">
<arg>${recenteId}</arg>
<arg>${recenteHour}</arg>
<arg>${recenteConta}</arg>
<arg>${recenteAcao}</arg>
<arg>${recenteValor}</arg>
<kw name="Element Text Should Be" library="SeleniumLibrary">
<arg>xpath://*[@id="_ctl0__ctl0_Content_Main_MyTransactions"]/tbody/tr[1]/td[1]</arg>
<arg>${id}</arg>
<doc>Verifies that element ``locator`` contains exact the text ``expected``.</doc>
<msg timestamp="20231020 20:10:23.945" level="INFO">Verifying element 'xpath://*[@id="_ctl0__ctl0_Content_Main_MyTransactions"]/tbody/tr[1]/td[1]' contains exact text 'Transaction ID'.</msg>
<status status="PASS" starttime="20231020 20:10:23.944" endtime="20231020 20:10:23.961"/>
</kw>
<kw name="Element Text Should Be" library="SeleniumLibrary">
<arg>xpath://*[@id="_ctl0__ctl0_Content_Main_MyTransactions"]/tbody/tr[1]/td[2]</arg>
<arg>${hora}</arg>
<doc>Verifies that element ``locator`` contains exact the text ``expected``.</doc>
<msg timestamp="20231020 20:10:23.961" level="INFO">Verifying element 'xpath://*[@id="_ctl0__ctl0_Content_Main_MyTransactions"]/tbody/tr[1]/td[2]' contains exact text 'Transaction Time'.</msg>
<status status="PASS" starttime="20231020 20:10:23.961" endtime="20231020 20:10:23.973"/>
</kw>
<kw name="Element Text Should Be" library="SeleniumLibrary">
<arg>xpath://*[@id="_ctl0__ctl0_Content_Main_MyTransactions"]/tbody/tr[1]/td[3]</arg>
<arg>${conta}</arg>
<doc>Verifies that element ``locator`` contains exact the text ``expected``.</doc>
<msg timestamp="20231020 20:10:23.973" level="INFO">Verifying element 'xpath://*[@id="_ctl0__ctl0_Content_Main_MyTransactions"]/tbody/tr[1]/td[3]' contains exact text 'Account ID'.</msg>
<status status="PASS" starttime="20231020 20:10:23.973" endtime="20231020 20:10:23.984"/>
</kw>
<kw name="Element Text Should Be" library="SeleniumLibrary">
<arg>xpath://*[@id="_ctl0__ctl0_Content_Main_MyTransactions"]/tbody/tr[1]/td[4]</arg>
<arg>${acao}</arg>
<doc>Verifies that element ``locator`` contains exact the text ``expected``.</doc>
<msg timestamp="20231020 20:10:23.984" level="INFO">Verifying element 'xpath://*[@id="_ctl0__ctl0_Content_Main_MyTransactions"]/tbody/tr[1]/td[4]' contains exact text 'Action'.</msg>
<status status="PASS" starttime="20231020 20:10:23.984" endtime="20231020 20:10:23.993"/>
</kw>
<kw name="Element Text Should Be" library="SeleniumLibrary">
<arg>xpath://*[@id="_ctl0__ctl0_Content_Main_MyTransactions"]/tbody/tr[1]/td[5]</arg>
<arg>${valor}</arg>
<doc>Verifies that element ``locator`` contains exact the text ``expected``.</doc>
<msg timestamp="20231020 20:10:23.994" level="INFO">Verifying element 'xpath://*[@id="_ctl0__ctl0_Content_Main_MyTransactions"]/tbody/tr[1]/td[5]' contains exact text 'Amount'.</msg>
<status status="PASS" starttime="20231020 20:10:23.993" endtime="20231020 20:10:24.002"/>
</kw>
<status status="PASS" starttime="20231020 20:10:23.944" endtime="20231020 20:10:24.002"/>
</kw>
<status status="PASS" starttime="20231020 20:10:23.944" endtime="20231020 20:10:24.002"/>
</kw>
<kw name="Encerra Sessao" library="LoginPage" type="TEARDOWN">
<kw name="Capture Page Screenshot" library="SeleniumLibrary">
<doc>Takes a screenshot of the current page and embeds it into a log file.</doc>
<msg timestamp="20231020 20:10:24.182" level="INFO" html="true">&lt;/td&gt;&lt;/tr&gt;&lt;tr&gt;&lt;td colspan="3"&gt;&lt;a href="selenium-screenshot-32.png"&gt;&lt;img src="selenium-screenshot-32.png" width="800px"&gt;&lt;/a&gt;</msg>
<status status="PASS" starttime="20231020 20:10:24.003" endtime="20231020 20:10:24.182"/>
</kw>
<kw name="Close Browser" library="SeleniumLibrary">
<doc>Closes the current browser.</doc>
<status status="PASS" starttime="20231020 20:10:24.182" endtime="20231020 20:10:24.247"/>
</kw>
<status status="PASS" starttime="20231020 20:10:24.002" endtime="20231020 20:10:24.247"/>
</kw>
<status status="PASS" starttime="20231020 20:10:19.828" endtime="20231020 20:10:24.247"/>
</test>
<status status="PASS" starttime="20231020 20:10:04.487" endtime="20231020 20:10:24.248"/>
</suite>
<statistics>
<total>
<stat pass="5" fail="0" skip="0">All Tests</stat>
</total>
<tag>
</tag>
<suite>
<stat pass="5" fail="0" skip="0" id="s1" name="Movimentacoes">Movimentacoes</stat>
</suite>
</statistics>
<errors>
</errors>
</robot>
