<?xml version="1.0" encoding="UTF-8"?>
<robot generator="Robot 6.1.1 (Python 3.12.0 on darwin)" generated="20231018 20:50:12.136" rpa="false" schemaversion="4">
<suite id="s1" name="Transferencia" source="/Users/alexandresoaresdeoliveira/Documents/Altoro/Transferencia/Transferencia.robot">
<test id="s1-t1" name="Cenario: Acessar a tela de Transferencia" line="8">
<kw name="Acessa Banco Digital" library="LoginPage" type="SETUP">
<kw name="Open Browser" library="SeleniumLibrary">
<arg>${url}</arg>
<arg>${browser}</arg>
<doc>Opens a new browser instance to the optional ``url``.</doc>
<msg timestamp="20231018 20:50:12.213" level="INFO">Opening browser 'chrome' to base url 'http://altoromutual.com:8080/index.jsp'.</msg>
<status status="PASS" starttime="20231018 20:50:12.213" endtime="20231018 20:50:14.179"/>
</kw>
<status status="PASS" starttime="20231018 20:50:12.213" endtime="20231018 20:50:14.180"/>
</kw>
<kw name="Dado que desejo realizar um Ted" library="ResourceTransferencia">
<kw name="Fazer Login" library="LoginPage">
<arg>${usuario}</arg>
<arg>${senha}</arg>
<kw name="Acessa Tela Login" library="LoginPage">
<kw name="Click Element" library="SeleniumLibrary">
<arg>id:AccountLink</arg>
<doc>Click the element identified by ``locator``.</doc>
<msg timestamp="20231018 20:50:14.181" level="INFO">Clicking element 'id:AccountLink'.</msg>
<status status="PASS" starttime="20231018 20:50:14.181" endtime="20231018 20:50:14.406"/>
</kw>
<status status="PASS" starttime="20231018 20:50:14.180" endtime="20231018 20:50:14.406"/>
</kw>
<kw name="Usuario" library="LoginPage">
<arg>${user}</arg>
<kw name="Input Text" library="SeleniumLibrary">
<arg>id:uid</arg>
<arg>${user}</arg>
<doc>Types the given ``text`` into the text field identified by ``locator``.</doc>
<msg timestamp="20231018 20:50:14.407" level="INFO">Typing text 'admin' into text field 'id:uid'.</msg>
<status status="PASS" starttime="20231018 20:50:14.407" endtime="20231018 20:50:14.506"/>
</kw>
<status status="PASS" starttime="20231018 20:50:14.406" endtime="20231018 20:50:14.506"/>
</kw>
<kw name="Senha" library="LoginPage">
<arg>${pswd}</arg>
<kw name="Input Password" library="SeleniumLibrary">
<arg>id:passw</arg>
<arg>${pswd}</arg>
<doc>Types the given password into the text field identified by ``locator``.</doc>
<msg timestamp="20231018 20:50:14.507" level="INFO">Typing password into text field 'id:passw'.</msg>
<msg timestamp="20231018 20:50:14.522" level="INFO">Temporally setting log level to: NONE</msg>
<msg timestamp="20231018 20:50:14.544" level="INFO">Log level changed from NONE to INFO.</msg>
<status status="PASS" starttime="20231018 20:50:14.506" endtime="20231018 20:50:14.544"/>
</kw>
<status status="PASS" starttime="20231018 20:50:14.506" endtime="20231018 20:50:14.544"/>
</kw>
<kw name="Botao Login" library="LoginPage">
<kw name="Click Element" library="SeleniumLibrary">
<arg>name:btnSubmit</arg>
<doc>Click the element identified by ``locator``.</doc>
<msg timestamp="20231018 20:50:14.544" level="INFO">Clicking element 'name:btnSubmit'.</msg>
<status status="PASS" starttime="20231018 20:50:14.544" endtime="20231018 20:50:14.961"/>
</kw>
<status status="PASS" starttime="20231018 20:50:14.544" endtime="20231018 20:50:14.962"/>
</kw>
<status status="PASS" starttime="20231018 20:50:14.180" endtime="20231018 20:50:14.962"/>
</kw>
<kw name="Escolhe e Acessa com Conta Corporate" library="ContasPage">
<kw name="Acessa Historico Contas" library="ContasPage">
<kw name="Click Element" library="SeleniumLibrary">
<arg>id:btnGetAccount</arg>
<doc>Click the element identified by ``locator``.</doc>
<msg timestamp="20231018 20:50:14.962" level="INFO">Clicking element 'id:btnGetAccount'.</msg>
<status status="PASS" starttime="20231018 20:50:14.962" endtime="20231018 20:50:15.253"/>
</kw>
<status status="PASS" starttime="20231018 20:50:14.962" endtime="20231018 20:50:15.253"/>
</kw>
<status status="PASS" starttime="20231018 20:50:14.962" endtime="20231018 20:50:15.253"/>
</kw>
<status status="PASS" starttime="20231018 20:50:14.180" endtime="20231018 20:50:15.253"/>
</kw>
<kw name="Quando clicar na opcao de tranferencia de fundos" library="ResourceTransferencia">
<kw name="Btn Tela Transferencia" library="TransferenciaPage">
<kw name="Click Element" library="SeleniumLibrary">
<arg>id:MenuHyperLink3</arg>
<doc>Click the element identified by ``locator``.</doc>
<msg timestamp="20231018 20:50:15.254" level="INFO">Clicking element 'id:MenuHyperLink3'.</msg>
<status status="PASS" starttime="20231018 20:50:15.254" endtime="20231018 20:50:15.984"/>
</kw>
<status status="PASS" starttime="20231018 20:50:15.254" endtime="20231018 20:50:15.984"/>
</kw>
<status status="PASS" starttime="20231018 20:50:15.253" endtime="20231018 20:50:15.984"/>
</kw>
<kw name="Entao sera apresentado a tela com as opcoes disponiveis" library="ResourceTransferencia">
<kw name="Valida Tela Transferencia" library="TransferenciaPage">
<arg>${msgTelaTranferencia}</arg>
<kw name="Element Text Should Be" library="SeleniumLibrary">
<arg>xpath://*[@id="tForm"]/h1</arg>
<arg>${msgTransfer}</arg>
<doc>Verifies that element ``locator`` contains exact the text ``expected``.</doc>
<msg timestamp="20231018 20:50:15.985" level="INFO">Verifying element 'xpath://*[@id="tForm"]/h1' contains exact text 'Transfer Funds'.</msg>
<status status="PASS" starttime="20231018 20:50:15.984" endtime="20231018 20:50:16.005"/>
</kw>
<status status="PASS" starttime="20231018 20:50:15.984" endtime="20231018 20:50:16.005"/>
</kw>
<status status="PASS" starttime="20231018 20:50:15.984" endtime="20231018 20:50:16.005"/>
</kw>
<kw name="Encerra Sessao" library="LoginPage" type="TEARDOWN">
<kw name="Capture Page Screenshot" library="SeleniumLibrary">
<doc>Takes a screenshot of the current page and embeds it into a log file.</doc>
<msg timestamp="20231018 20:50:16.204" level="INFO" html="true">&lt;/td&gt;&lt;/tr&gt;&lt;tr&gt;&lt;td colspan="3"&gt;&lt;a href="selenium-screenshot-21.png"&gt;&lt;img src="selenium-screenshot-21.png" width="800px"&gt;&lt;/a&gt;</msg>
<status status="PASS" starttime="20231018 20:50:16.006" endtime="20231018 20:50:16.205"/>
</kw>
<kw name="Close Browser" library="SeleniumLibrary">
<doc>Closes the current browser.</doc>
<status status="PASS" starttime="20231018 20:50:16.205" endtime="20231018 20:50:16.285"/>
</kw>
<status status="PASS" starttime="20231018 20:50:16.006" endtime="20231018 20:50:16.286"/>
</kw>
<status status="PASS" starttime="20231018 20:50:12.212" endtime="20231018 20:50:16.286"/>
</test>
<test id="s1-t2" name="Cenario: Realizar uma tranferencia da conta corporate para conta checking" line="13">
<kw name="Acessa Banco Digital" library="LoginPage" type="SETUP">
<kw name="Open Browser" library="SeleniumLibrary">
<arg>${url}</arg>
<arg>${browser}</arg>
<doc>Opens a new browser instance to the optional ``url``.</doc>
<msg timestamp="20231018 20:50:16.286" level="INFO">Opening browser 'chrome' to base url 'http://altoromutual.com:8080/index.jsp'.</msg>
<status status="PASS" starttime="20231018 20:50:16.286" endtime="20231018 20:50:18.428"/>
</kw>
<status status="PASS" starttime="20231018 20:50:16.286" endtime="20231018 20:50:18.428"/>
</kw>
<kw name="Dado que estou na tela de tranferencia" library="ResourceTransferencia">
<kw name="Fazer Login" library="LoginPage">
<arg>${usuario}</arg>
<arg>${senha}</arg>
<kw name="Acessa Tela Login" library="LoginPage">
<kw name="Click Element" library="SeleniumLibrary">
<arg>id:AccountLink</arg>
<doc>Click the element identified by ``locator``.</doc>
<msg timestamp="20231018 20:50:18.431" level="INFO">Clicking element 'id:AccountLink'.</msg>
<status status="PASS" starttime="20231018 20:50:18.430" endtime="20231018 20:50:18.680"/>
</kw>
<status status="PASS" starttime="20231018 20:50:18.430" endtime="20231018 20:50:18.680"/>
</kw>
<kw name="Usuario" library="LoginPage">
<arg>${user}</arg>
<kw name="Input Text" library="SeleniumLibrary">
<arg>id:uid</arg>
<arg>${user}</arg>
<doc>Types the given ``text`` into the text field identified by ``locator``.</doc>
<msg timestamp="20231018 20:50:18.681" level="INFO">Typing text 'admin' into text field 'id:uid'.</msg>
<status status="PASS" starttime="20231018 20:50:18.681" endtime="20231018 20:50:18.763"/>
</kw>
<status status="PASS" starttime="20231018 20:50:18.680" endtime="20231018 20:50:18.763"/>
</kw>
<kw name="Senha" library="LoginPage">
<arg>${pswd}</arg>
<kw name="Input Password" library="SeleniumLibrary">
<arg>id:passw</arg>
<arg>${pswd}</arg>
<doc>Types the given password into the text field identified by ``locator``.</doc>
<msg timestamp="20231018 20:50:18.763" level="INFO">Typing password into text field 'id:passw'.</msg>
<msg timestamp="20231018 20:50:18.779" level="INFO">Temporally setting log level to: NONE</msg>
<msg timestamp="20231018 20:50:18.801" level="INFO">Log level changed from NONE to INFO.</msg>
<status status="PASS" starttime="20231018 20:50:18.763" endtime="20231018 20:50:18.801"/>
</kw>
<status status="PASS" starttime="20231018 20:50:18.763" endtime="20231018 20:50:18.801"/>
</kw>
<kw name="Botao Login" library="LoginPage">
<kw name="Click Element" library="SeleniumLibrary">
<arg>name:btnSubmit</arg>
<doc>Click the element identified by ``locator``.</doc>
<msg timestamp="20231018 20:50:18.801" level="INFO">Clicking element 'name:btnSubmit'.</msg>
<status status="PASS" starttime="20231018 20:50:18.801" endtime="20231018 20:50:19.163"/>
</kw>
<status status="PASS" starttime="20231018 20:50:18.801" endtime="20231018 20:50:19.163"/>
</kw>
<status status="PASS" starttime="20231018 20:50:18.429" endtime="20231018 20:50:19.163"/>
</kw>
<kw name="Escolhe e Acessa com Conta Corporate" library="ContasPage">
<kw name="Acessa Historico Contas" library="ContasPage">
<kw name="Click Element" library="SeleniumLibrary">
<arg>id:btnGetAccount</arg>
<doc>Click the element identified by ``locator``.</doc>
<msg timestamp="20231018 20:50:19.163" level="INFO">Clicking element 'id:btnGetAccount'.</msg>
<status status="PASS" starttime="20231018 20:50:19.163" endtime="20231018 20:50:19.363"/>
</kw>
<status status="PASS" starttime="20231018 20:50:19.163" endtime="20231018 20:50:19.363"/>
</kw>
<status status="PASS" starttime="20231018 20:50:19.163" endtime="20231018 20:50:19.363"/>
</kw>
<kw name="Btn Tela Transferencia" library="TransferenciaPage">
<kw name="Click Element" library="SeleniumLibrary">
<arg>id:MenuHyperLink3</arg>
<doc>Click the element identified by ``locator``.</doc>
<msg timestamp="20231018 20:50:19.364" level="INFO">Clicking element 'id:MenuHyperLink3'.</msg>
<status status="PASS" starttime="20231018 20:50:19.363" endtime="20231018 20:50:19.881"/>
</kw>
<status status="PASS" starttime="20231018 20:50:19.363" endtime="20231018 20:50:19.881"/>
</kw>
<status status="PASS" starttime="20231018 20:50:18.429" endtime="20231018 20:50:19.882"/>
</kw>
<kw name="Quando selecionar a conta checking como favorecido" library="ResourceTransferencia">
<kw name="Recebe Ted" library="TransferenciaPage">
<arg>${ccChecking}</arg>
<kw name="Select From List By Value" library="SeleniumLibrary">
<arg>id:toAccount</arg>
<arg>${contaCorrente}</arg>
<doc>Selects options from selection list ``locator`` by ``values``.</doc>
<msg timestamp="20231018 20:50:19.883" level="INFO">Selecting options from selection list 'id:toAccount' by value 800001.</msg>
<status status="PASS" starttime="20231018 20:50:19.882" endtime="20231018 20:50:19.932"/>
</kw>
<status status="PASS" starttime="20231018 20:50:19.882" endtime="20231018 20:50:19.932"/>
</kw>
<status status="PASS" starttime="20231018 20:50:19.882" endtime="20231018 20:50:19.933"/>
</kw>
<kw name="E informar o valor que desejo enviar" library="ResourceTransferencia">
<kw name="Insere valor Ted" library="TransferenciaPage">
<arg>${valorlTed}</arg>
<kw name="Input Text" library="SeleniumLibrary">
<arg>id:transferAmount</arg>
<arg>${valorEnviado}</arg>
<doc>Types the given ``text`` into the text field identified by ``locator``.</doc>
<msg timestamp="20231018 20:50:19.933" level="INFO">Typing text '500' into text field 'id:transferAmount'.</msg>
<status status="PASS" starttime="20231018 20:50:19.933" endtime="20231018 20:50:19.971"/>
</kw>
<status status="PASS" starttime="20231018 20:50:19.933" endtime="20231018 20:50:19.971"/>
</kw>
<kw name="Btn Confirma Ted" library="TransferenciaPage">
<kw name="Click Element" library="SeleniumLibrary">
<arg>id:transfer</arg>
<doc>Click the element identified by ``locator``.</doc>
<msg timestamp="20231018 20:50:19.972" level="INFO">Clicking element 'id:transfer'.</msg>
<status status="PASS" starttime="20231018 20:50:19.971" endtime="20231018 20:50:20.162"/>
</kw>
<status status="PASS" starttime="20231018 20:50:19.971" endtime="20231018 20:50:20.162"/>
</kw>
<status status="PASS" starttime="20231018 20:50:19.933" endtime="20231018 20:50:20.162"/>
</kw>
<kw name="Entao será feita a operacao para conta checking" library="ResourceTransferencia">
<kw name="Valida Ted" library="TransferenciaPage">
<arg>${msgCorporate}</arg>
<kw name="Element Text Should Not Be" library="SeleniumLibrary">
<arg>xpath://*[@id="_ctl0__ctl0_Content_Main_postResp"]/span</arg>
<arg>${msgTed}</arg>
<doc>Verifies that element ``locator`` does not contain exact the text ``not_expected``.</doc>
<msg timestamp="20231018 20:50:20.164" level="INFO">Verifying element 'xpath://*[@id="_ctl0__ctl0_Content_Main_postResp"]/span' does not contain exact text 'Account History - 800000 Corporate'.</msg>
<status status="PASS" starttime="20231018 20:50:20.163" endtime="20231018 20:50:20.194"/>
</kw>
<status status="PASS" starttime="20231018 20:50:20.163" endtime="20231018 20:50:20.194"/>
</kw>
<status status="PASS" starttime="20231018 20:50:20.162" endtime="20231018 20:50:20.194"/>
</kw>
<kw name="Encerra Sessao" library="LoginPage" type="TEARDOWN">
<kw name="Capture Page Screenshot" library="SeleniumLibrary">
<doc>Takes a screenshot of the current page and embeds it into a log file.</doc>
<msg timestamp="20231018 20:50:20.408" level="INFO" html="true">&lt;/td&gt;&lt;/tr&gt;&lt;tr&gt;&lt;td colspan="3"&gt;&lt;a href="selenium-screenshot-22.png"&gt;&lt;img src="selenium-screenshot-22.png" width="800px"&gt;&lt;/a&gt;</msg>
<status status="PASS" starttime="20231018 20:50:20.194" endtime="20231018 20:50:20.408"/>
</kw>
<kw name="Close Browser" library="SeleniumLibrary">
<doc>Closes the current browser.</doc>
<status status="PASS" starttime="20231018 20:50:20.408" endtime="20231018 20:50:20.472"/>
</kw>
<status status="PASS" starttime="20231018 20:50:20.194" endtime="20231018 20:50:20.472"/>
</kw>
<status status="PASS" starttime="20231018 20:50:16.286" endtime="20231018 20:50:20.472"/>
</test>
<test id="s1-t3" name="Cenario: Realizar uma tranferencia da conta checking para conta corporate" line="19">
<kw name="Acessa Banco Digital" library="LoginPage" type="SETUP">
<kw name="Open Browser" library="SeleniumLibrary">
<arg>${url}</arg>
<arg>${browser}</arg>
<doc>Opens a new browser instance to the optional ``url``.</doc>
<msg timestamp="20231018 20:50:20.473" level="INFO">Opening browser 'chrome' to base url 'http://altoromutual.com:8080/index.jsp'.</msg>
<status status="PASS" starttime="20231018 20:50:20.473" endtime="20231018 20:50:22.535"/>
</kw>
<status status="PASS" starttime="20231018 20:50:20.472" endtime="20231018 20:50:22.535"/>
</kw>
<kw name="Dado que estou na tela de tranferencia" library="ResourceTransferencia">
<kw name="Fazer Login" library="LoginPage">
<arg>${usuario}</arg>
<arg>${senha}</arg>
<kw name="Acessa Tela Login" library="LoginPage">
<kw name="Click Element" library="SeleniumLibrary">
<arg>id:AccountLink</arg>
<doc>Click the element identified by ``locator``.</doc>
<msg timestamp="20231018 20:50:22.537" level="INFO">Clicking element 'id:AccountLink'.</msg>
<status status="PASS" starttime="20231018 20:50:22.536" endtime="20231018 20:50:22.756"/>
</kw>
<status status="PASS" starttime="20231018 20:50:22.536" endtime="20231018 20:50:22.756"/>
</kw>
<kw name="Usuario" library="LoginPage">
<arg>${user}</arg>
<kw name="Input Text" library="SeleniumLibrary">
<arg>id:uid</arg>
<arg>${user}</arg>
<doc>Types the given ``text`` into the text field identified by ``locator``.</doc>
<msg timestamp="20231018 20:50:22.756" level="INFO">Typing text 'admin' into text field 'id:uid'.</msg>
<status status="PASS" starttime="20231018 20:50:22.756" endtime="20231018 20:50:22.861"/>
</kw>
<status status="PASS" starttime="20231018 20:50:22.756" endtime="20231018 20:50:22.861"/>
</kw>
<kw name="Senha" library="LoginPage">
<arg>${pswd}</arg>
<kw name="Input Password" library="SeleniumLibrary">
<arg>id:passw</arg>
<arg>${pswd}</arg>
<doc>Types the given password into the text field identified by ``locator``.</doc>
<msg timestamp="20231018 20:50:22.861" level="INFO">Typing password into text field 'id:passw'.</msg>
<msg timestamp="20231018 20:50:22.879" level="INFO">Temporally setting log level to: NONE</msg>
<msg timestamp="20231018 20:50:22.899" level="INFO">Log level changed from NONE to INFO.</msg>
<status status="PASS" starttime="20231018 20:50:22.861" endtime="20231018 20:50:22.899"/>
</kw>
<status status="PASS" starttime="20231018 20:50:22.861" endtime="20231018 20:50:22.899"/>
</kw>
<kw name="Botao Login" library="LoginPage">
<kw name="Click Element" library="SeleniumLibrary">
<arg>name:btnSubmit</arg>
<doc>Click the element identified by ``locator``.</doc>
<msg timestamp="20231018 20:50:22.900" level="INFO">Clicking element 'name:btnSubmit'.</msg>
<status status="PASS" starttime="20231018 20:50:22.900" endtime="20231018 20:50:23.260"/>
</kw>
<status status="PASS" starttime="20231018 20:50:22.899" endtime="20231018 20:50:23.261"/>
</kw>
<status status="PASS" starttime="20231018 20:50:22.536" endtime="20231018 20:50:23.261"/>
</kw>
<kw name="Escolhe e Acessa com Conta Corporate" library="ContasPage">
<kw name="Acessa Historico Contas" library="ContasPage">
<kw name="Click Element" library="SeleniumLibrary">
<arg>id:btnGetAccount</arg>
<doc>Click the element identified by ``locator``.</doc>
<msg timestamp="20231018 20:50:23.261" level="INFO">Clicking element 'id:btnGetAccount'.</msg>
<status status="PASS" starttime="20231018 20:50:23.261" endtime="20231018 20:50:23.461"/>
</kw>
<status status="PASS" starttime="20231018 20:50:23.261" endtime="20231018 20:50:23.461"/>
</kw>
<status status="PASS" starttime="20231018 20:50:23.261" endtime="20231018 20:50:23.461"/>
</kw>
<kw name="Btn Tela Transferencia" library="TransferenciaPage">
<kw name="Click Element" library="SeleniumLibrary">
<arg>id:MenuHyperLink3</arg>
<doc>Click the element identified by ``locator``.</doc>
<msg timestamp="20231018 20:50:23.462" level="INFO">Clicking element 'id:MenuHyperLink3'.</msg>
<status status="PASS" starttime="20231018 20:50:23.462" endtime="20231018 20:50:23.970"/>
</kw>
<status status="PASS" starttime="20231018 20:50:23.461" endtime="20231018 20:50:23.970"/>
</kw>
<status status="PASS" starttime="20231018 20:50:22.536" endtime="20231018 20:50:23.970"/>
</kw>
<kw name="Quando selecionar a conta corporate como favorecido" library="ResourceTransferencia">
<kw name="Envia Ted" library="TransferenciaPage">
<arg>${ccChecking}</arg>
<kw name="Select From List By Value" library="SeleniumLibrary">
<arg>id:fromAccount</arg>
<arg>${contaCorrente}</arg>
<doc>Selects options from selection list ``locator`` by ``values``.</doc>
<msg timestamp="20231018 20:50:23.971" level="INFO">Selecting options from selection list 'id:fromAccount' by value 800001.</msg>
<status status="PASS" starttime="20231018 20:50:23.971" endtime="20231018 20:50:24.023"/>
</kw>
<status status="PASS" starttime="20231018 20:50:23.970" endtime="20231018 20:50:24.023"/>
</kw>
<status status="PASS" starttime="20231018 20:50:23.970" endtime="20231018 20:50:24.023"/>
</kw>
<kw name="E informar o valor que desejo enviar" library="ResourceTransferencia">
<kw name="Insere valor Ted" library="TransferenciaPage">
<arg>${valorlTed}</arg>
<kw name="Input Text" library="SeleniumLibrary">
<arg>id:transferAmount</arg>
<arg>${valorEnviado}</arg>
<doc>Types the given ``text`` into the text field identified by ``locator``.</doc>
<msg timestamp="20231018 20:50:24.024" level="INFO">Typing text '500' into text field 'id:transferAmount'.</msg>
<status status="PASS" starttime="20231018 20:50:24.024" endtime="20231018 20:50:24.060"/>
</kw>
<status status="PASS" starttime="20231018 20:50:24.024" endtime="20231018 20:50:24.060"/>
</kw>
<kw name="Btn Confirma Ted" library="TransferenciaPage">
<kw name="Click Element" library="SeleniumLibrary">
<arg>id:transfer</arg>
<doc>Click the element identified by ``locator``.</doc>
<msg timestamp="20231018 20:50:24.060" level="INFO">Clicking element 'id:transfer'.</msg>
<status status="PASS" starttime="20231018 20:50:24.060" endtime="20231018 20:50:24.252"/>
</kw>
<status status="PASS" starttime="20231018 20:50:24.060" endtime="20231018 20:50:24.252"/>
</kw>
<status status="PASS" starttime="20231018 20:50:24.023" endtime="20231018 20:50:24.252"/>
</kw>
<kw name="Entao será feita a operacao para conta corporate" library="ResourceTransferencia">
<kw name="Valida Ted" library="TransferenciaPage">
<arg>${msgChecking}</arg>
<kw name="Element Text Should Not Be" library="SeleniumLibrary">
<arg>xpath://*[@id="_ctl0__ctl0_Content_Main_postResp"]/span</arg>
<arg>${msgTed}</arg>
<doc>Verifies that element ``locator`` does not contain exact the text ``not_expected``.</doc>
<msg timestamp="20231018 20:50:24.253" level="INFO">Verifying element 'xpath://*[@id="_ctl0__ctl0_Content_Main_postResp"]/span' does not contain exact text 'Account History - 800001 Checking'.</msg>
<status status="PASS" starttime="20231018 20:50:24.253" endtime="20231018 20:50:24.285"/>
</kw>
<status status="PASS" starttime="20231018 20:50:24.253" endtime="20231018 20:50:24.285"/>
</kw>
<status status="PASS" starttime="20231018 20:50:24.252" endtime="20231018 20:50:24.285"/>
</kw>
<kw name="Encerra Sessao" library="LoginPage" type="TEARDOWN">
<kw name="Capture Page Screenshot" library="SeleniumLibrary">
<doc>Takes a screenshot of the current page and embeds it into a log file.</doc>
<msg timestamp="20231018 20:50:24.497" level="INFO" html="true">&lt;/td&gt;&lt;/tr&gt;&lt;tr&gt;&lt;td colspan="3"&gt;&lt;a href="selenium-screenshot-23.png"&gt;&lt;img src="selenium-screenshot-23.png" width="800px"&gt;&lt;/a&gt;</msg>
<status status="PASS" starttime="20231018 20:50:24.285" endtime="20231018 20:50:24.497"/>
</kw>
<kw name="Close Browser" library="SeleniumLibrary">
<doc>Closes the current browser.</doc>
<status status="PASS" starttime="20231018 20:50:24.497" endtime="20231018 20:50:24.566"/>
</kw>
<status status="PASS" starttime="20231018 20:50:24.285" endtime="20231018 20:50:24.567"/>
</kw>
<status status="PASS" starttime="20231018 20:50:20.472" endtime="20231018 20:50:24.567"/>
</test>
<status status="PASS" starttime="20231018 20:50:12.136" endtime="20231018 20:50:24.567"/>
</suite>
<statistics>
<total>
<stat pass="3" fail="0" skip="0">All Tests</stat>
</total>
<tag>
</tag>
<suite>
<stat pass="3" fail="0" skip="0" id="s1" name="Transferencia">Transferencia</stat>
</suite>
</statistics>
<errors>
</errors>
</robot>
