<?xml version="1.0" encoding="UTF-8"?>
<robot generator="Robot 6.1.1 (Python 3.12.0 on darwin)" generated="20231018 20:20:21.269" rpa="false" schemaversion="4">
<suite id="s1" name="Transferencia" source="/Users/alexandresoaresdeoliveira/Documents/Altoro/Transferencia/Transferencia.robot">
<test id="s1-t1" name="Cenario: Acessar a tela de Transferencia" line="8">
<kw name="Acessa Banco Digital" library="LoginPage" type="SETUP">
<kw name="Open Browser" library="SeleniumLibrary">
<arg>${url}</arg>
<arg>${browser}</arg>
<doc>Opens a new browser instance to the optional ``url``.</doc>
<msg timestamp="20231018 20:20:21.348" level="INFO">Opening browser 'chrome' to base url 'http://altoromutual.com:8080/index.jsp'.</msg>
<status status="PASS" starttime="20231018 20:20:21.347" endtime="20231018 20:20:23.744"/>
</kw>
<status status="PASS" starttime="20231018 20:20:21.347" endtime="20231018 20:20:23.744"/>
</kw>
<kw name="Dado que desejo realizar um Ted" library="ResourceTransferencia">
<kw name="Fazer Login" library="LoginPage">
<arg>${usuario}</arg>
<arg>${senha}</arg>
<kw name="Acessa Tela Login" library="LoginPage">
<kw name="Click Element" library="SeleniumLibrary">
<arg>id:AccountLink</arg>
<doc>Click the element identified by ``locator``.</doc>
<msg timestamp="20231018 20:20:23.747" level="INFO">Clicking element 'id:AccountLink'.</msg>
<status status="PASS" starttime="20231018 20:20:23.746" endtime="20231018 20:20:23.980"/>
</kw>
<status status="PASS" starttime="20231018 20:20:23.745" endtime="20231018 20:20:23.980"/>
</kw>
<kw name="Usuario" library="LoginPage">
<arg>${user}</arg>
<kw name="Input Text" library="SeleniumLibrary">
<arg>id:uid</arg>
<arg>${user}</arg>
<doc>Types the given ``text`` into the text field identified by ``locator``.</doc>
<msg timestamp="20231018 20:20:23.981" level="INFO">Typing text 'admin' into text field 'id:uid'.</msg>
<status status="PASS" starttime="20231018 20:20:23.981" endtime="20231018 20:20:24.094"/>
</kw>
<status status="PASS" starttime="20231018 20:20:23.980" endtime="20231018 20:20:24.094"/>
</kw>
<kw name="Senha" library="LoginPage">
<arg>${pswd}</arg>
<kw name="Input Password" library="SeleniumLibrary">
<arg>id:passw</arg>
<arg>${pswd}</arg>
<doc>Types the given password into the text field identified by ``locator``.</doc>
<msg timestamp="20231018 20:20:24.094" level="INFO">Typing password into text field 'id:passw'.</msg>
<msg timestamp="20231018 20:20:24.111" level="INFO">Temporally setting log level to: NONE</msg>
<msg timestamp="20231018 20:20:24.132" level="INFO">Log level changed from NONE to INFO.</msg>
<status status="PASS" starttime="20231018 20:20:24.094" endtime="20231018 20:20:24.132"/>
</kw>
<status status="PASS" starttime="20231018 20:20:24.094" endtime="20231018 20:20:24.132"/>
</kw>
<kw name="Botao Login" library="LoginPage">
<kw name="Click Element" library="SeleniumLibrary">
<arg>name:btnSubmit</arg>
<doc>Click the element identified by ``locator``.</doc>
<msg timestamp="20231018 20:20:24.133" level="INFO">Clicking element 'name:btnSubmit'.</msg>
<status status="PASS" starttime="20231018 20:20:24.133" endtime="20231018 20:20:24.580"/>
</kw>
<status status="PASS" starttime="20231018 20:20:24.132" endtime="20231018 20:20:24.581"/>
</kw>
<status status="PASS" starttime="20231018 20:20:23.745" endtime="20231018 20:20:24.581"/>
</kw>
<kw name="Escolhe e Acessa com Conta Corporate" library="ContasPage">
<kw name="Acessa Historico Contas" library="ContasPage">
<kw name="Click Element" library="SeleniumLibrary">
<arg>id:btnGetAccount</arg>
<doc>Click the element identified by ``locator``.</doc>
<msg timestamp="20231018 20:20:24.582" level="INFO">Clicking element 'id:btnGetAccount'.</msg>
<status status="PASS" starttime="20231018 20:20:24.582" endtime="20231018 20:20:24.806"/>
</kw>
<status status="PASS" starttime="20231018 20:20:24.581" endtime="20231018 20:20:24.806"/>
</kw>
<status status="PASS" starttime="20231018 20:20:24.581" endtime="20231018 20:20:24.806"/>
</kw>
<status status="PASS" starttime="20231018 20:20:23.745" endtime="20231018 20:20:24.806"/>
</kw>
<kw name="Quando clicar na opcao de tranferencia de fundos" library="ResourceTransferencia">
<kw name="Btn Tela Transferencia" library="TransferenciaPage">
<kw name="Click Element" library="SeleniumLibrary">
<arg>id:MenuHyperLink3</arg>
<doc>Click the element identified by ``locator``.</doc>
<msg timestamp="20231018 20:20:24.808" level="INFO">Clicking element 'id:MenuHyperLink3'.</msg>
<status status="PASS" starttime="20231018 20:20:24.807" endtime="20231018 20:20:25.317"/>
</kw>
<status status="PASS" starttime="20231018 20:20:24.807" endtime="20231018 20:20:25.317"/>
</kw>
<status status="PASS" starttime="20231018 20:20:24.806" endtime="20231018 20:20:25.317"/>
</kw>
<kw name="Entao sera apresentado a tela com as opcoes disponiveis" library="ResourceTransferencia">
<kw name="Valida Tela Transferencia" library="TransferenciaPage">
<arg>${msgTelaTranferencia}</arg>
<kw name="Element Text Should Be" library="SeleniumLibrary">
<arg>xpath://*[@id="tForm"]/h1</arg>
<arg>${msgTransfer}</arg>
<doc>Verifies that element ``locator`` contains exact the text ``expected``.</doc>
<msg timestamp="20231018 20:20:25.319" level="INFO">Verifying element 'xpath://*[@id="tForm"]/h1' contains exact text 'Transfer Funds'.</msg>
<status status="PASS" starttime="20231018 20:20:25.318" endtime="20231018 20:20:25.340"/>
</kw>
<status status="PASS" starttime="20231018 20:20:25.318" endtime="20231018 20:20:25.340"/>
</kw>
<status status="PASS" starttime="20231018 20:20:25.318" endtime="20231018 20:20:25.340"/>
</kw>
<kw name="Encerra Sessao" library="LoginPage" type="TEARDOWN">
<kw name="Capture Page Screenshot" library="SeleniumLibrary">
<doc>Takes a screenshot of the current page and embeds it into a log file.</doc>
<msg timestamp="20231018 20:20:25.525" level="INFO" html="true">&lt;/td&gt;&lt;/tr&gt;&lt;tr&gt;&lt;td colspan="3"&gt;&lt;a href="selenium-screenshot-6.png"&gt;&lt;img src="selenium-screenshot-6.png" width="800px"&gt;&lt;/a&gt;</msg>
<status status="PASS" starttime="20231018 20:20:25.341" endtime="20231018 20:20:25.525"/>
</kw>
<kw name="Close Browser" library="SeleniumLibrary">
<doc>Closes the current browser.</doc>
<status status="PASS" starttime="20231018 20:20:25.525" endtime="20231018 20:20:25.607"/>
</kw>
<status status="PASS" starttime="20231018 20:20:25.340" endtime="20231018 20:20:25.607"/>
</kw>
<status status="PASS" starttime="20231018 20:20:21.347" endtime="20231018 20:20:25.607"/>
</test>
<test id="s1-t2" name="Cenario: Realizar uma tranferencia da conta corporate para conta checking" line="13">
<kw name="Acessa Banco Digital" library="LoginPage" type="SETUP">
<kw name="Open Browser" library="SeleniumLibrary">
<arg>${url}</arg>
<arg>${browser}</arg>
<doc>Opens a new browser instance to the optional ``url``.</doc>
<msg timestamp="20231018 20:20:25.608" level="INFO">Opening browser 'chrome' to base url 'http://altoromutual.com:8080/index.jsp'.</msg>
<status status="PASS" starttime="20231018 20:20:25.608" endtime="20231018 20:20:27.830"/>
</kw>
<status status="PASS" starttime="20231018 20:20:25.607" endtime="20231018 20:20:27.830"/>
</kw>
<kw name="Dado que estou na tela de tranferencia" library="ResourceTransferencia">
<kw name="Fazer Login" library="LoginPage">
<arg>${usuario}</arg>
<arg>${senha}</arg>
<kw name="Acessa Tela Login" library="LoginPage">
<kw name="Click Element" library="SeleniumLibrary">
<arg>id:AccountLink</arg>
<doc>Click the element identified by ``locator``.</doc>
<msg timestamp="20231018 20:20:27.833" level="INFO">Clicking element 'id:AccountLink'.</msg>
<status status="PASS" starttime="20231018 20:20:27.832" endtime="20231018 20:20:28.072"/>
</kw>
<status status="PASS" starttime="20231018 20:20:27.832" endtime="20231018 20:20:28.072"/>
</kw>
<kw name="Usuario" library="LoginPage">
<arg>${user}</arg>
<kw name="Input Text" library="SeleniumLibrary">
<arg>id:uid</arg>
<arg>${user}</arg>
<doc>Types the given ``text`` into the text field identified by ``locator``.</doc>
<msg timestamp="20231018 20:20:28.073" level="INFO">Typing text 'admin' into text field 'id:uid'.</msg>
<status status="PASS" starttime="20231018 20:20:28.072" endtime="20231018 20:20:28.175"/>
</kw>
<status status="PASS" starttime="20231018 20:20:28.072" endtime="20231018 20:20:28.175"/>
</kw>
<kw name="Senha" library="LoginPage">
<arg>${pswd}</arg>
<kw name="Input Password" library="SeleniumLibrary">
<arg>id:passw</arg>
<arg>${pswd}</arg>
<doc>Types the given password into the text field identified by ``locator``.</doc>
<msg timestamp="20231018 20:20:28.176" level="INFO">Typing password into text field 'id:passw'.</msg>
<msg timestamp="20231018 20:20:28.193" level="INFO">Temporally setting log level to: NONE</msg>
<msg timestamp="20231018 20:20:28.213" level="INFO">Log level changed from NONE to INFO.</msg>
<status status="PASS" starttime="20231018 20:20:28.176" endtime="20231018 20:20:28.213"/>
</kw>
<status status="PASS" starttime="20231018 20:20:28.176" endtime="20231018 20:20:28.213"/>
</kw>
<kw name="Botao Login" library="LoginPage">
<kw name="Click Element" library="SeleniumLibrary">
<arg>name:btnSubmit</arg>
<doc>Click the element identified by ``locator``.</doc>
<msg timestamp="20231018 20:20:28.213" level="INFO">Clicking element 'name:btnSubmit'.</msg>
<status status="PASS" starttime="20231018 20:20:28.213" endtime="20231018 20:20:28.568"/>
</kw>
<status status="PASS" starttime="20231018 20:20:28.213" endtime="20231018 20:20:28.568"/>
</kw>
<status status="PASS" starttime="20231018 20:20:27.832" endtime="20231018 20:20:28.568"/>
</kw>
<kw name="Escolhe e Acessa com Conta Corporate" library="ContasPage">
<kw name="Acessa Historico Contas" library="ContasPage">
<kw name="Click Element" library="SeleniumLibrary">
<arg>id:btnGetAccount</arg>
<doc>Click the element identified by ``locator``.</doc>
<msg timestamp="20231018 20:20:28.570" level="INFO">Clicking element 'id:btnGetAccount'.</msg>
<status status="PASS" starttime="20231018 20:20:28.569" endtime="20231018 20:20:28.828"/>
</kw>
<status status="PASS" starttime="20231018 20:20:28.569" endtime="20231018 20:20:28.828"/>
</kw>
<status status="PASS" starttime="20231018 20:20:28.568" endtime="20231018 20:20:28.828"/>
</kw>
<kw name="Btn Tela Transferencia" library="TransferenciaPage">
<kw name="Click Element" library="SeleniumLibrary">
<arg>id:MenuHyperLink3</arg>
<doc>Click the element identified by ``locator``.</doc>
<msg timestamp="20231018 20:20:28.829" level="INFO">Clicking element 'id:MenuHyperLink3'.</msg>
<status status="PASS" starttime="20231018 20:20:28.828" endtime="20231018 20:20:29.235"/>
</kw>
<status status="PASS" starttime="20231018 20:20:28.828" endtime="20231018 20:20:29.235"/>
</kw>
<status status="PASS" starttime="20231018 20:20:27.831" endtime="20231018 20:20:29.235"/>
</kw>
<kw name="Quando selecionar a conta checking como favorecido" library="ResourceTransferencia">
<kw name="Recebe Ted" library="TransferenciaPage">
<arg>${ccChecking}</arg>
<kw name="Select From List By Value" library="SeleniumLibrary">
<arg>id:toAccount</arg>
<arg>${contaCorrente}</arg>
<doc>Selects options from selection list ``locator`` by ``values``.</doc>
<msg timestamp="20231018 20:20:29.236" level="INFO">Selecting options from selection list 'id:toAccount' by value 800001.</msg>
<status status="PASS" starttime="20231018 20:20:29.236" endtime="20231018 20:20:29.282"/>
</kw>
<status status="PASS" starttime="20231018 20:20:29.236" endtime="20231018 20:20:29.282"/>
</kw>
<status status="PASS" starttime="20231018 20:20:29.235" endtime="20231018 20:20:29.282"/>
</kw>
<kw name="E informar o valor que desejo enviar" library="ResourceTransferencia">
<kw name="Insere valor Ted" library="TransferenciaPage">
<arg>${vlTed}</arg>
<kw name="Input Text" library="SeleniumLibrary">
<arg>id:transferAmount</arg>
<arg>${valorEnviado}</arg>
<doc>Types the given ``text`` into the text field identified by ``locator``.</doc>
<msg timestamp="20231018 20:20:29.283" level="INFO">Typing text '500' into text field 'id:transferAmount'.</msg>
<status status="PASS" starttime="20231018 20:20:29.282" endtime="20231018 20:20:29.320"/>
</kw>
<status status="PASS" starttime="20231018 20:20:29.282" endtime="20231018 20:20:29.320"/>
</kw>
<kw name="Btn Confirma Ted" library="TransferenciaPage">
<kw name="Click Element" library="SeleniumLibrary">
<arg>id:transfer</arg>
<doc>Click the element identified by ``locator``.</doc>
<msg timestamp="20231018 20:20:29.321" level="INFO">Clicking element 'id:transfer'.</msg>
<status status="PASS" starttime="20231018 20:20:29.320" endtime="20231018 20:20:29.603"/>
</kw>
<status status="PASS" starttime="20231018 20:20:29.320" endtime="20231018 20:20:29.603"/>
</kw>
<status status="PASS" starttime="20231018 20:20:29.282" endtime="20231018 20:20:29.603"/>
</kw>
<kw name="Entao será feita a operacao para conta checking" library="ResourceTransferencia">
<kw name="Valida Ted" library="TransferenciaPage">
<arg>${msgCorporate}</arg>
<kw name="Element Text Should Not Be" library="SeleniumLibrary">
<arg>xpath://*[@id="_ctl0__ctl0_Content_Main_postResp"]/span</arg>
<arg>${msgTed}</arg>
<doc>Verifies that element ``locator`` does not contain exact the text ``not_expected``.</doc>
<msg timestamp="20231018 20:20:29.605" level="INFO">Verifying element 'xpath://*[@id="_ctl0__ctl0_Content_Main_postResp"]/span' does not contain exact text 'Account History - 800000 Corporate'.</msg>
<status status="PASS" starttime="20231018 20:20:29.604" endtime="20231018 20:20:29.642"/>
</kw>
<status status="PASS" starttime="20231018 20:20:29.604" endtime="20231018 20:20:29.642"/>
</kw>
<status status="PASS" starttime="20231018 20:20:29.603" endtime="20231018 20:20:29.642"/>
</kw>
<kw name="Encerra Sessao" library="LoginPage" type="TEARDOWN">
<kw name="Capture Page Screenshot" library="SeleniumLibrary">
<doc>Takes a screenshot of the current page and embeds it into a log file.</doc>
<msg timestamp="20231018 20:20:29.826" level="INFO" html="true">&lt;/td&gt;&lt;/tr&gt;&lt;tr&gt;&lt;td colspan="3"&gt;&lt;a href="selenium-screenshot-7.png"&gt;&lt;img src="selenium-screenshot-7.png" width="800px"&gt;&lt;/a&gt;</msg>
<status status="PASS" starttime="20231018 20:20:29.643" endtime="20231018 20:20:29.826"/>
</kw>
<kw name="Close Browser" library="SeleniumLibrary">
<doc>Closes the current browser.</doc>
<status status="PASS" starttime="20231018 20:20:29.826" endtime="20231018 20:20:29.893"/>
</kw>
<status status="PASS" starttime="20231018 20:20:29.643" endtime="20231018 20:20:29.893"/>
</kw>
<status status="PASS" starttime="20231018 20:20:25.607" endtime="20231018 20:20:29.893"/>
</test>
<test id="s1-t3" name="Cenario: Realizar uma tranferencia da conta checking para conta corporate" line="19">
<kw name="Acessa Banco Digital" library="LoginPage" type="SETUP">
<kw name="Open Browser" library="SeleniumLibrary">
<arg>${url}</arg>
<arg>${browser}</arg>
<doc>Opens a new browser instance to the optional ``url``.</doc>
<msg timestamp="20231018 20:20:29.894" level="INFO">Opening browser 'chrome' to base url 'http://altoromutual.com:8080/index.jsp'.</msg>
<status status="PASS" starttime="20231018 20:20:29.894" endtime="20231018 20:20:31.950"/>
</kw>
<status status="PASS" starttime="20231018 20:20:29.894" endtime="20231018 20:20:31.950"/>
</kw>
<kw name="Dado que estou na tela de tranferencia" library="ResourceTransferencia">
<kw name="Fazer Login" library="LoginPage">
<arg>${usuario}</arg>
<arg>${senha}</arg>
<kw name="Acessa Tela Login" library="LoginPage">
<kw name="Click Element" library="SeleniumLibrary">
<arg>id:AccountLink</arg>
<doc>Click the element identified by ``locator``.</doc>
<msg timestamp="20231018 20:20:31.952" level="INFO">Clicking element 'id:AccountLink'.</msg>
<status status="PASS" starttime="20231018 20:20:31.952" endtime="20231018 20:20:32.184"/>
</kw>
<status status="PASS" starttime="20231018 20:20:31.951" endtime="20231018 20:20:32.184"/>
</kw>
<kw name="Usuario" library="LoginPage">
<arg>${user}</arg>
<kw name="Input Text" library="SeleniumLibrary">
<arg>id:uid</arg>
<arg>${user}</arg>
<doc>Types the given ``text`` into the text field identified by ``locator``.</doc>
<msg timestamp="20231018 20:20:32.185" level="INFO">Typing text 'admin' into text field 'id:uid'.</msg>
<status status="PASS" starttime="20231018 20:20:32.185" endtime="20231018 20:20:32.291"/>
</kw>
<status status="PASS" starttime="20231018 20:20:32.184" endtime="20231018 20:20:32.291"/>
</kw>
<kw name="Senha" library="LoginPage">
<arg>${pswd}</arg>
<kw name="Input Password" library="SeleniumLibrary">
<arg>id:passw</arg>
<arg>${pswd}</arg>
<doc>Types the given password into the text field identified by ``locator``.</doc>
<msg timestamp="20231018 20:20:32.292" level="INFO">Typing password into text field 'id:passw'.</msg>
<msg timestamp="20231018 20:20:32.308" level="INFO">Temporally setting log level to: NONE</msg>
<msg timestamp="20231018 20:20:32.328" level="INFO">Log level changed from NONE to INFO.</msg>
<status status="PASS" starttime="20231018 20:20:32.292" endtime="20231018 20:20:32.328"/>
</kw>
<status status="PASS" starttime="20231018 20:20:32.292" endtime="20231018 20:20:32.328"/>
</kw>
<kw name="Botao Login" library="LoginPage">
<kw name="Click Element" library="SeleniumLibrary">
<arg>name:btnSubmit</arg>
<doc>Click the element identified by ``locator``.</doc>
<msg timestamp="20231018 20:20:32.328" level="INFO">Clicking element 'name:btnSubmit'.</msg>
<status status="PASS" starttime="20231018 20:20:32.328" endtime="20231018 20:20:32.790"/>
</kw>
<status status="PASS" starttime="20231018 20:20:32.328" endtime="20231018 20:20:32.790"/>
</kw>
<status status="PASS" starttime="20231018 20:20:31.951" endtime="20231018 20:20:32.790"/>
</kw>
<kw name="Escolhe e Acessa com Conta Corporate" library="ContasPage">
<kw name="Acessa Historico Contas" library="ContasPage">
<kw name="Click Element" library="SeleniumLibrary">
<arg>id:btnGetAccount</arg>
<doc>Click the element identified by ``locator``.</doc>
<msg timestamp="20231018 20:20:32.791" level="INFO">Clicking element 'id:btnGetAccount'.</msg>
<status status="PASS" starttime="20231018 20:20:32.791" endtime="20231018 20:20:33.080"/>
</kw>
<status status="PASS" starttime="20231018 20:20:32.791" endtime="20231018 20:20:33.080"/>
</kw>
<status status="PASS" starttime="20231018 20:20:32.791" endtime="20231018 20:20:33.080"/>
</kw>
<kw name="Btn Tela Transferencia" library="TransferenciaPage">
<kw name="Click Element" library="SeleniumLibrary">
<arg>id:MenuHyperLink3</arg>
<doc>Click the element identified by ``locator``.</doc>
<msg timestamp="20231018 20:20:33.081" level="INFO">Clicking element 'id:MenuHyperLink3'.</msg>
<status status="PASS" starttime="20231018 20:20:33.080" endtime="20231018 20:20:33.610"/>
</kw>
<status status="PASS" starttime="20231018 20:20:33.080" endtime="20231018 20:20:33.610"/>
</kw>
<status status="PASS" starttime="20231018 20:20:31.951" endtime="20231018 20:20:33.610"/>
</kw>
<kw name="Quando selecionar a conta corporate como favorecido" library="ResourceTransferencia">
<kw name="Envia Ted" library="TransferenciaPage">
<arg>${ccChecking}</arg>
<kw name="Select From List By Value" library="SeleniumLibrary">
<arg>id:fromAccount</arg>
<arg>${contaCorrente}</arg>
<doc>Selects options from selection list ``locator`` by ``values``.</doc>
<msg timestamp="20231018 20:20:33.612" level="INFO">Selecting options from selection list 'id:fromAccount' by value 800001.</msg>
<status status="PASS" starttime="20231018 20:20:33.611" endtime="20231018 20:20:33.667"/>
</kw>
<status status="PASS" starttime="20231018 20:20:33.611" endtime="20231018 20:20:33.667"/>
</kw>
<status status="PASS" starttime="20231018 20:20:33.611" endtime="20231018 20:20:33.667"/>
</kw>
<kw name="E informar o valor que desejo enviar" library="ResourceTransferencia">
<kw name="Insere valor Ted" library="TransferenciaPage">
<arg>${vlTed}</arg>
<kw name="Input Text" library="SeleniumLibrary">
<arg>id:transferAmount</arg>
<arg>${valorEnviado}</arg>
<doc>Types the given ``text`` into the text field identified by ``locator``.</doc>
<msg timestamp="20231018 20:20:33.668" level="INFO">Typing text '500' into text field 'id:transferAmount'.</msg>
<status status="PASS" starttime="20231018 20:20:33.668" endtime="20231018 20:20:33.703"/>
</kw>
<status status="PASS" starttime="20231018 20:20:33.667" endtime="20231018 20:20:33.703"/>
</kw>
<kw name="Btn Confirma Ted" library="TransferenciaPage">
<kw name="Click Element" library="SeleniumLibrary">
<arg>id:transfer</arg>
<doc>Click the element identified by ``locator``.</doc>
<msg timestamp="20231018 20:20:33.703" level="INFO">Clicking element 'id:transfer'.</msg>
<status status="PASS" starttime="20231018 20:20:33.703" endtime="20231018 20:20:33.902"/>
</kw>
<status status="PASS" starttime="20231018 20:20:33.703" endtime="20231018 20:20:33.902"/>
</kw>
<status status="PASS" starttime="20231018 20:20:33.667" endtime="20231018 20:20:33.902"/>
</kw>
<kw name="Entao será feita a operacao para conta corporate" library="ResourceTransferencia">
<kw name="Valida Ted" library="TransferenciaPage">
<arg>${msgChecking}</arg>
<kw name="Element Text Should Not Be" library="SeleniumLibrary">
<arg>xpath://*[@id="_ctl0__ctl0_Content_Main_postResp"]/span</arg>
<arg>${msgTed}</arg>
<doc>Verifies that element ``locator`` does not contain exact the text ``not_expected``.</doc>
<msg timestamp="20231018 20:20:33.904" level="INFO">Verifying element 'xpath://*[@id="_ctl0__ctl0_Content_Main_postResp"]/span' does not contain exact text 'Account History - 800001 Checking'.</msg>
<status status="PASS" starttime="20231018 20:20:33.903" endtime="20231018 20:20:33.939"/>
</kw>
<status status="PASS" starttime="20231018 20:20:33.903" endtime="20231018 20:20:33.939"/>
</kw>
<status status="PASS" starttime="20231018 20:20:33.902" endtime="20231018 20:20:33.939"/>
</kw>
<kw name="Encerra Sessao" library="LoginPage" type="TEARDOWN">
<kw name="Capture Page Screenshot" library="SeleniumLibrary">
<doc>Takes a screenshot of the current page and embeds it into a log file.</doc>
<msg timestamp="20231018 20:20:34.122" level="INFO" html="true">&lt;/td&gt;&lt;/tr&gt;&lt;tr&gt;&lt;td colspan="3"&gt;&lt;a href="selenium-screenshot-8.png"&gt;&lt;img src="selenium-screenshot-8.png" width="800px"&gt;&lt;/a&gt;</msg>
<status status="PASS" starttime="20231018 20:20:33.940" endtime="20231018 20:20:34.122"/>
</kw>
<kw name="Close Browser" library="SeleniumLibrary">
<doc>Closes the current browser.</doc>
<status status="PASS" starttime="20231018 20:20:34.122" endtime="20231018 20:20:34.190"/>
</kw>
<status status="PASS" starttime="20231018 20:20:33.940" endtime="20231018 20:20:34.190"/>
</kw>
<status status="PASS" starttime="20231018 20:20:29.893" endtime="20231018 20:20:34.190"/>
</test>
<status status="PASS" starttime="20231018 20:20:21.269" endtime="20231018 20:20:34.191"/>
</suite>
<statistics>
<total>
<stat pass="3" fail="0" skip="0">All Tests</stat>
</total>
<tag>
</tag>
<suite>
<stat pass="3" fail="0" skip="0" id="s1" name="Transferencia">Transferencia</stat>
</suite>
</statistics>
<errors>
</errors>
</robot>
