<?xml version="1.0" encoding="UTF-8"?>
<robot generator="Robot 6.1.1 (Python 3.12.0 on darwin)" generated="20231106 20:46:21.651" rpa="false" schemaversion="4">
<suite id="s1" name="Login" source="/Users/alexandresoaresdeoliveira/Documents/Altoro/Login/Login.robot">
<test id="s1-t1" name="Cenario: Login com usuario e senha validos" line="9">
<kw name="Acessa Banco Digital" library="LoginPage" type="SETUP">
<kw name="Open Browser" library="SeleniumLibrary">
<arg>${url}</arg>
<arg>${browser}</arg>
<doc>Opens a new browser instance to the optional ``url``.</doc>
<msg timestamp="20231106 20:46:21.744" level="INFO">Opening browser 'chrome' to base url 'http://altoromutual.com:8080/index.jsp'.</msg>
<status status="PASS" starttime="20231106 20:46:21.743" endtime="20231106 20:46:25.163"/>
</kw>
<status status="PASS" starttime="20231106 20:46:21.743" endtime="20231106 20:46:25.164"/>
</kw>
<kw name="Dado que desejo acessar o IB da Altoro" library="ResourceLogin">
<kw name="Acessa Tela Login" library="LoginPage">
<kw name="Click Element" library="SeleniumLibrary">
<arg>id:AccountLink</arg>
<doc>Click the element identified by ``locator``.</doc>
<msg timestamp="20231106 20:46:25.165" level="INFO">Clicking element 'id:AccountLink'.</msg>
<status status="PASS" starttime="20231106 20:46:25.165" endtime="20231106 20:46:25.403"/>
</kw>
<status status="PASS" starttime="20231106 20:46:25.164" endtime="20231106 20:46:25.403"/>
</kw>
<status status="PASS" starttime="20231106 20:46:25.164" endtime="20231106 20:46:25.403"/>
</kw>
<kw name="Quando digitar meu usuario e senha" library="ResourceLogin">
<kw name="Usuario" library="LoginPage">
<arg>${usuario}</arg>
<kw name="Input Text" library="SeleniumLibrary">
<arg>id:uid</arg>
<arg>${user}</arg>
<doc>Types the given ``text`` into the text field identified by ``locator``.</doc>
<msg timestamp="20231106 20:46:25.404" level="INFO">Typing text 'admin' into text field 'id:uid'.</msg>
<status status="PASS" starttime="20231106 20:46:25.404" endtime="20231106 20:46:25.509"/>
</kw>
<status status="PASS" starttime="20231106 20:46:25.403" endtime="20231106 20:46:25.509"/>
</kw>
<kw name="Senha" library="LoginPage">
<arg>${senha}</arg>
<kw name="Input Password" library="SeleniumLibrary">
<arg>id:passw</arg>
<arg>${pswd}</arg>
<doc>Types the given password into the text field identified by ``locator``.</doc>
<msg timestamp="20231106 20:46:25.510" level="INFO">Typing password into text field 'id:passw'.</msg>
<msg timestamp="20231106 20:46:25.526" level="INFO">Temporally setting log level to: NONE</msg>
<msg timestamp="20231106 20:46:25.548" level="INFO">Log level changed from NONE to INFO.</msg>
<status status="PASS" starttime="20231106 20:46:25.510" endtime="20231106 20:46:25.548"/>
</kw>
<status status="PASS" starttime="20231106 20:46:25.509" endtime="20231106 20:46:25.548"/>
</kw>
<kw name="Botao Login" library="LoginPage">
<kw name="Click Element" library="SeleniumLibrary">
<arg>name:btnSubmit</arg>
<doc>Click the element identified by ``locator``.</doc>
<msg timestamp="20231106 20:46:25.549" level="INFO">Clicking element 'name:btnSubmit'.</msg>
<status status="PASS" starttime="20231106 20:46:25.548" endtime="20231106 20:46:25.901"/>
</kw>
<status status="PASS" starttime="20231106 20:46:25.548" endtime="20231106 20:46:25.901"/>
</kw>
<status status="PASS" starttime="20231106 20:46:25.403" endtime="20231106 20:46:25.901"/>
</kw>
<kw name="Entao sera exibido uma mensagem de boas vindas" library="ResourceLogin">
<kw name="Valida Login" library="LoginPage">
<arg>${bemVindo}</arg>
<kw name="Element Text Should Be" library="SeleniumLibrary">
<arg>xpath://h1</arg>
<arg>${msgBemVindo}</arg>
<doc>Verifies that element ``locator`` contains exact the text ``expected``.</doc>
<msg timestamp="20231106 20:46:25.902" level="INFO">Verifying element 'xpath://h1' contains exact text 'Hello Admin User'.</msg>
<status status="PASS" starttime="20231106 20:46:25.902" endtime="20231106 20:46:25.924"/>
</kw>
<status status="PASS" starttime="20231106 20:46:25.901" endtime="20231106 20:46:25.924"/>
</kw>
<status status="PASS" starttime="20231106 20:46:25.901" endtime="20231106 20:46:25.925"/>
</kw>
<kw name="Encerra Sessao" library="LoginPage" type="TEARDOWN">
<kw name="Capture Page Screenshot" library="SeleniumLibrary">
<doc>Takes a screenshot of the current page and embeds it into a log file.</doc>
<msg timestamp="20231106 20:46:26.122" level="INFO" html="true">&lt;/td&gt;&lt;/tr&gt;&lt;tr&gt;&lt;td colspan="3"&gt;&lt;a href="selenium-screenshot-6.png"&gt;&lt;img src="selenium-screenshot-6.png" width="800px"&gt;&lt;/a&gt;</msg>
<status status="PASS" starttime="20231106 20:46:25.925" endtime="20231106 20:46:26.122"/>
</kw>
<kw name="Close Browser" library="SeleniumLibrary">
<doc>Closes the current browser.</doc>
<status status="PASS" starttime="20231106 20:46:26.122" endtime="20231106 20:46:26.202"/>
</kw>
<status status="PASS" starttime="20231106 20:46:25.925" endtime="20231106 20:46:26.202"/>
</kw>
<status status="PASS" starttime="20231106 20:46:21.743" endtime="20231106 20:46:26.202"/>
</test>
<test id="s1-t2" name="Cenario: Login com usuario invalido" line="14">
<kw name="Acessa Banco Digital" library="LoginPage" type="SETUP">
<kw name="Open Browser" library="SeleniumLibrary">
<arg>${url}</arg>
<arg>${browser}</arg>
<doc>Opens a new browser instance to the optional ``url``.</doc>
<msg timestamp="20231106 20:46:26.203" level="INFO">Opening browser 'chrome' to base url 'http://altoromutual.com:8080/index.jsp'.</msg>
<status status="PASS" starttime="20231106 20:46:26.203" endtime="20231106 20:46:28.077"/>
</kw>
<status status="PASS" starttime="20231106 20:46:26.203" endtime="20231106 20:46:28.077"/>
</kw>
<kw name="Dado que desejo acessar o IB da Altoro" library="ResourceLogin">
<kw name="Acessa Tela Login" library="LoginPage">
<kw name="Click Element" library="SeleniumLibrary">
<arg>id:AccountLink</arg>
<doc>Click the element identified by ``locator``.</doc>
<msg timestamp="20231106 20:46:28.079" level="INFO">Clicking element 'id:AccountLink'.</msg>
<status status="PASS" starttime="20231106 20:46:28.078" endtime="20231106 20:46:28.289"/>
</kw>
<status status="PASS" starttime="20231106 20:46:28.078" endtime="20231106 20:46:28.289"/>
</kw>
<status status="PASS" starttime="20231106 20:46:28.078" endtime="20231106 20:46:28.289"/>
</kw>
<kw name="Quando digitar o usuario invalido" library="ResourceLogin">
<kw name="Usuario" library="LoginPage">
<arg>${userErro}</arg>
<kw name="Input Text" library="SeleniumLibrary">
<arg>id:uid</arg>
<arg>${user}</arg>
<doc>Types the given ``text`` into the text field identified by ``locator``.</doc>
<msg timestamp="20231106 20:46:28.290" level="INFO">Typing text 'userErro' into text field 'id:uid'.</msg>
<status status="PASS" starttime="20231106 20:46:28.290" endtime="20231106 20:46:28.397"/>
</kw>
<status status="PASS" starttime="20231106 20:46:28.290" endtime="20231106 20:46:28.397"/>
</kw>
<kw name="Senha" library="LoginPage">
<arg>${senha}</arg>
<kw name="Input Password" library="SeleniumLibrary">
<arg>id:passw</arg>
<arg>${pswd}</arg>
<doc>Types the given password into the text field identified by ``locator``.</doc>
<msg timestamp="20231106 20:46:28.398" level="INFO">Typing password into text field 'id:passw'.</msg>
<msg timestamp="20231106 20:46:28.413" level="INFO">Temporally setting log level to: NONE</msg>
<msg timestamp="20231106 20:46:28.433" level="INFO">Log level changed from NONE to INFO.</msg>
<status status="PASS" starttime="20231106 20:46:28.397" endtime="20231106 20:46:28.433"/>
</kw>
<status status="PASS" starttime="20231106 20:46:28.397" endtime="20231106 20:46:28.433"/>
</kw>
<kw name="Botao Login" library="LoginPage">
<kw name="Click Element" library="SeleniumLibrary">
<arg>name:btnSubmit</arg>
<doc>Click the element identified by ``locator``.</doc>
<msg timestamp="20231106 20:46:28.433" level="INFO">Clicking element 'name:btnSubmit'.</msg>
<status status="PASS" starttime="20231106 20:46:28.433" endtime="20231106 20:46:28.784"/>
</kw>
<status status="PASS" starttime="20231106 20:46:28.433" endtime="20231106 20:46:28.784"/>
</kw>
<status status="PASS" starttime="20231106 20:46:28.289" endtime="20231106 20:46:28.784"/>
</kw>
<kw name="Entao sera exibido uma mensagem solicitando a correcao do acesso" library="ResourceLogin">
<kw name="Valida Erro Login" library="LoginPage">
<arg>${erroLogin}</arg>
<kw name="Element Text Should Be" library="SeleniumLibrary">
<arg>id:_ctl0__ctl0_Content_Main_message</arg>
<arg>${msgErro}</arg>
<doc>Verifies that element ``locator`` contains exact the text ``expected``.</doc>
<msg timestamp="20231106 20:46:28.785" level="INFO">Verifying element 'id:_ctl0__ctl0_Content_Main_message' contains exact text 'Login Failed: We're sorry, but this username or password was not found in our system. Please try again.'.</msg>
<status status="PASS" starttime="20231106 20:46:28.784" endtime="20231106 20:46:28.809"/>
</kw>
<status status="PASS" starttime="20231106 20:46:28.784" endtime="20231106 20:46:28.809"/>
</kw>
<status status="PASS" starttime="20231106 20:46:28.784" endtime="20231106 20:46:28.809"/>
</kw>
<kw name="Encerra Sessao" library="LoginPage" type="TEARDOWN">
<kw name="Capture Page Screenshot" library="SeleniumLibrary">
<doc>Takes a screenshot of the current page and embeds it into a log file.</doc>
<msg timestamp="20231106 20:46:29.034" level="INFO" html="true">&lt;/td&gt;&lt;/tr&gt;&lt;tr&gt;&lt;td colspan="3"&gt;&lt;a href="selenium-screenshot-7.png"&gt;&lt;img src="selenium-screenshot-7.png" width="800px"&gt;&lt;/a&gt;</msg>
<status status="PASS" starttime="20231106 20:46:28.809" endtime="20231106 20:46:29.034"/>
</kw>
<kw name="Close Browser" library="SeleniumLibrary">
<doc>Closes the current browser.</doc>
<status status="PASS" starttime="20231106 20:46:29.034" endtime="20231106 20:46:29.103"/>
</kw>
<status status="PASS" starttime="20231106 20:46:28.809" endtime="20231106 20:46:29.103"/>
</kw>
<status status="PASS" starttime="20231106 20:46:26.202" endtime="20231106 20:46:29.103"/>
</test>
<test id="s1-t3" name="Cenario: Login com senha invalida" line="19">
<kw name="Acessa Banco Digital" library="LoginPage" type="SETUP">
<kw name="Open Browser" library="SeleniumLibrary">
<arg>${url}</arg>
<arg>${browser}</arg>
<doc>Opens a new browser instance to the optional ``url``.</doc>
<msg timestamp="20231106 20:46:29.104" level="INFO">Opening browser 'chrome' to base url 'http://altoromutual.com:8080/index.jsp'.</msg>
<status status="PASS" starttime="20231106 20:46:29.103" endtime="20231106 20:46:30.975"/>
</kw>
<status status="PASS" starttime="20231106 20:46:29.103" endtime="20231106 20:46:30.975"/>
</kw>
<kw name="Dado que desejo acessar o IB da Altoro" library="ResourceLogin">
<kw name="Acessa Tela Login" library="LoginPage">
<kw name="Click Element" library="SeleniumLibrary">
<arg>id:AccountLink</arg>
<doc>Click the element identified by ``locator``.</doc>
<msg timestamp="20231106 20:46:30.977" level="INFO">Clicking element 'id:AccountLink'.</msg>
<status status="PASS" starttime="20231106 20:46:30.976" endtime="20231106 20:46:31.180"/>
</kw>
<status status="PASS" starttime="20231106 20:46:30.976" endtime="20231106 20:46:31.180"/>
</kw>
<status status="PASS" starttime="20231106 20:46:30.976" endtime="20231106 20:46:31.180"/>
</kw>
<kw name="Quando digitar a senha invalida" library="ResourceLogin">
<kw name="Usuario" library="LoginPage">
<arg>${usuario}</arg>
<kw name="Input Text" library="SeleniumLibrary">
<arg>id:uid</arg>
<arg>${user}</arg>
<doc>Types the given ``text`` into the text field identified by ``locator``.</doc>
<msg timestamp="20231106 20:46:31.181" level="INFO">Typing text 'admin' into text field 'id:uid'.</msg>
<status status="PASS" starttime="20231106 20:46:31.180" endtime="20231106 20:46:31.277"/>
</kw>
<status status="PASS" starttime="20231106 20:46:31.180" endtime="20231106 20:46:31.277"/>
</kw>
<kw name="Senha" library="LoginPage">
<arg>${senhaErro}</arg>
<kw name="Input Password" library="SeleniumLibrary">
<arg>id:passw</arg>
<arg>${pswd}</arg>
<doc>Types the given password into the text field identified by ``locator``.</doc>
<msg timestamp="20231106 20:46:31.278" level="INFO">Typing password into text field 'id:passw'.</msg>
<msg timestamp="20231106 20:46:31.295" level="INFO">Temporally setting log level to: NONE</msg>
<msg timestamp="20231106 20:46:31.315" level="INFO">Log level changed from NONE to INFO.</msg>
<status status="PASS" starttime="20231106 20:46:31.277" endtime="20231106 20:46:31.316"/>
</kw>
<status status="PASS" starttime="20231106 20:46:31.277" endtime="20231106 20:46:31.316"/>
</kw>
<kw name="Botao Login" library="LoginPage">
<kw name="Click Element" library="SeleniumLibrary">
<arg>name:btnSubmit</arg>
<doc>Click the element identified by ``locator``.</doc>
<msg timestamp="20231106 20:46:31.316" level="INFO">Clicking element 'name:btnSubmit'.</msg>
<status status="PASS" starttime="20231106 20:46:31.316" endtime="20231106 20:46:31.672"/>
</kw>
<status status="PASS" starttime="20231106 20:46:31.316" endtime="20231106 20:46:31.672"/>
</kw>
<status status="PASS" starttime="20231106 20:46:31.180" endtime="20231106 20:46:31.672"/>
</kw>
<kw name="Entao sera exibido uma mensagem solicitando a correcao do acesso" library="ResourceLogin">
<kw name="Valida Erro Login" library="LoginPage">
<arg>${erroLogin}</arg>
<kw name="Element Text Should Be" library="SeleniumLibrary">
<arg>id:_ctl0__ctl0_Content_Main_message</arg>
<arg>${msgErro}</arg>
<doc>Verifies that element ``locator`` contains exact the text ``expected``.</doc>
<msg timestamp="20231106 20:46:31.674" level="INFO">Verifying element 'id:_ctl0__ctl0_Content_Main_message' contains exact text 'Login Failed: We're sorry, but this username or password was not found in our system. Please try again.'.</msg>
<status status="PASS" starttime="20231106 20:46:31.673" endtime="20231106 20:46:31.698"/>
</kw>
<status status="PASS" starttime="20231106 20:46:31.673" endtime="20231106 20:46:31.698"/>
</kw>
<status status="PASS" starttime="20231106 20:46:31.673" endtime="20231106 20:46:31.698"/>
</kw>
<kw name="Encerra Sessao" library="LoginPage" type="TEARDOWN">
<kw name="Capture Page Screenshot" library="SeleniumLibrary">
<doc>Takes a screenshot of the current page and embeds it into a log file.</doc>
<msg timestamp="20231106 20:46:31.906" level="INFO" html="true">&lt;/td&gt;&lt;/tr&gt;&lt;tr&gt;&lt;td colspan="3"&gt;&lt;a href="selenium-screenshot-8.png"&gt;&lt;img src="selenium-screenshot-8.png" width="800px"&gt;&lt;/a&gt;</msg>
<status status="PASS" starttime="20231106 20:46:31.698" endtime="20231106 20:46:31.906"/>
</kw>
<kw name="Close Browser" library="SeleniumLibrary">
<doc>Closes the current browser.</doc>
<status status="PASS" starttime="20231106 20:46:31.906" endtime="20231106 20:46:31.974"/>
</kw>
<status status="PASS" starttime="20231106 20:46:31.698" endtime="20231106 20:46:31.974"/>
</kw>
<status status="PASS" starttime="20231106 20:46:29.103" endtime="20231106 20:46:31.974"/>
</test>
<test id="s1-t4" name="Cenario: Login com usuario e senha invalidas" line="24">
<kw name="Acessa Banco Digital" library="LoginPage" type="SETUP">
<kw name="Open Browser" library="SeleniumLibrary">
<arg>${url}</arg>
<arg>${browser}</arg>
<doc>Opens a new browser instance to the optional ``url``.</doc>
<msg timestamp="20231106 20:46:31.975" level="INFO">Opening browser 'chrome' to base url 'http://altoromutual.com:8080/index.jsp'.</msg>
<status status="PASS" starttime="20231106 20:46:31.975" endtime="20231106 20:46:33.975"/>
</kw>
<status status="PASS" starttime="20231106 20:46:31.975" endtime="20231106 20:46:33.976"/>
</kw>
<kw name="Dado que desejo acessar o IB da Altoro" library="ResourceLogin">
<kw name="Acessa Tela Login" library="LoginPage">
<kw name="Click Element" library="SeleniumLibrary">
<arg>id:AccountLink</arg>
<doc>Click the element identified by ``locator``.</doc>
<msg timestamp="20231106 20:46:33.977" level="INFO">Clicking element 'id:AccountLink'.</msg>
<status status="PASS" starttime="20231106 20:46:33.977" endtime="20231106 20:46:34.204"/>
</kw>
<status status="PASS" starttime="20231106 20:46:33.976" endtime="20231106 20:46:34.204"/>
</kw>
<status status="PASS" starttime="20231106 20:46:33.976" endtime="20231106 20:46:34.204"/>
</kw>
<kw name="Quando digitar usuario e senha invalidos" library="ResourceLogin">
<kw name="Usuario" library="LoginPage">
<arg>${userErro}</arg>
<kw name="Input Text" library="SeleniumLibrary">
<arg>id:uid</arg>
<arg>${user}</arg>
<doc>Types the given ``text`` into the text field identified by ``locator``.</doc>
<msg timestamp="20231106 20:46:34.205" level="INFO">Typing text 'userErro' into text field 'id:uid'.</msg>
<status status="PASS" starttime="20231106 20:46:34.204" endtime="20231106 20:46:34.309"/>
</kw>
<status status="PASS" starttime="20231106 20:46:34.204" endtime="20231106 20:46:34.309"/>
</kw>
<kw name="Senha" library="LoginPage">
<arg>${senhaErro}</arg>
<kw name="Input Password" library="SeleniumLibrary">
<arg>id:passw</arg>
<arg>${pswd}</arg>
<doc>Types the given password into the text field identified by ``locator``.</doc>
<msg timestamp="20231106 20:46:34.310" level="INFO">Typing password into text field 'id:passw'.</msg>
<msg timestamp="20231106 20:46:34.326" level="INFO">Temporally setting log level to: NONE</msg>
<msg timestamp="20231106 20:46:34.348" level="INFO">Log level changed from NONE to INFO.</msg>
<status status="PASS" starttime="20231106 20:46:34.309" endtime="20231106 20:46:34.348"/>
</kw>
<status status="PASS" starttime="20231106 20:46:34.309" endtime="20231106 20:46:34.349"/>
</kw>
<kw name="Botao Login" library="LoginPage">
<kw name="Click Element" library="SeleniumLibrary">
<arg>name:btnSubmit</arg>
<doc>Click the element identified by ``locator``.</doc>
<msg timestamp="20231106 20:46:34.349" level="INFO">Clicking element 'name:btnSubmit'.</msg>
<status status="PASS" starttime="20231106 20:46:34.349" endtime="20231106 20:46:34.703"/>
</kw>
<status status="PASS" starttime="20231106 20:46:34.349" endtime="20231106 20:46:34.703"/>
</kw>
<status status="PASS" starttime="20231106 20:46:34.204" endtime="20231106 20:46:34.703"/>
</kw>
<kw name="Entao sera exibido uma mensagem solicitando a correcao do acesso" library="ResourceLogin">
<kw name="Valida Erro Login" library="LoginPage">
<arg>${erroLogin}</arg>
<kw name="Element Text Should Be" library="SeleniumLibrary">
<arg>id:_ctl0__ctl0_Content_Main_message</arg>
<arg>${msgErro}</arg>
<doc>Verifies that element ``locator`` contains exact the text ``expected``.</doc>
<msg timestamp="20231106 20:46:34.704" level="INFO">Verifying element 'id:_ctl0__ctl0_Content_Main_message' contains exact text 'Login Failed: We're sorry, but this username or password was not found in our system. Please try again.'.</msg>
<status status="PASS" starttime="20231106 20:46:34.703" endtime="20231106 20:46:34.726"/>
</kw>
<status status="PASS" starttime="20231106 20:46:34.703" endtime="20231106 20:46:34.726"/>
</kw>
<status status="PASS" starttime="20231106 20:46:34.703" endtime="20231106 20:46:34.726"/>
</kw>
<kw name="Encerra Sessao" library="LoginPage" type="TEARDOWN">
<kw name="Capture Page Screenshot" library="SeleniumLibrary">
<doc>Takes a screenshot of the current page and embeds it into a log file.</doc>
<msg timestamp="20231106 20:46:34.948" level="INFO" html="true">&lt;/td&gt;&lt;/tr&gt;&lt;tr&gt;&lt;td colspan="3"&gt;&lt;a href="selenium-screenshot-9.png"&gt;&lt;img src="selenium-screenshot-9.png" width="800px"&gt;&lt;/a&gt;</msg>
<status status="PASS" starttime="20231106 20:46:34.726" endtime="20231106 20:46:34.948"/>
</kw>
<kw name="Close Browser" library="SeleniumLibrary">
<doc>Closes the current browser.</doc>
<status status="PASS" starttime="20231106 20:46:34.948" endtime="20231106 20:46:35.017"/>
</kw>
<status status="PASS" starttime="20231106 20:46:34.726" endtime="20231106 20:46:35.017"/>
</kw>
<status status="PASS" starttime="20231106 20:46:31.975" endtime="20231106 20:46:35.017"/>
</test>
<test id="s1-t5" name="Cenario: Logout do Internet Banking" line="29">
<kw name="Acessa Banco Digital" library="LoginPage" type="SETUP">
<kw name="Open Browser" library="SeleniumLibrary">
<arg>${url}</arg>
<arg>${browser}</arg>
<doc>Opens a new browser instance to the optional ``url``.</doc>
<msg timestamp="20231106 20:46:35.018" level="INFO">Opening browser 'chrome' to base url 'http://altoromutual.com:8080/index.jsp'.</msg>
<status status="PASS" starttime="20231106 20:46:35.018" endtime="20231106 20:46:37.020"/>
</kw>
<status status="PASS" starttime="20231106 20:46:35.018" endtime="20231106 20:46:37.020"/>
</kw>
<kw name="Dado que estou logado no IB" library="ResourceLogin">
<kw name="Acessa Tela Login" library="LoginPage">
<kw name="Click Element" library="SeleniumLibrary">
<arg>id:AccountLink</arg>
<doc>Click the element identified by ``locator``.</doc>
<msg timestamp="20231106 20:46:37.022" level="INFO">Clicking element 'id:AccountLink'.</msg>
<status status="PASS" starttime="20231106 20:46:37.021" endtime="20231106 20:46:37.253"/>
</kw>
<status status="PASS" starttime="20231106 20:46:37.021" endtime="20231106 20:46:37.253"/>
</kw>
<kw name="Usuario" library="LoginPage">
<arg>${usuario}</arg>
<kw name="Input Text" library="SeleniumLibrary">
<arg>id:uid</arg>
<arg>${user}</arg>
<doc>Types the given ``text`` into the text field identified by ``locator``.</doc>
<msg timestamp="20231106 20:46:37.254" level="INFO">Typing text 'admin' into text field 'id:uid'.</msg>
<status status="PASS" starttime="20231106 20:46:37.253" endtime="20231106 20:46:37.359"/>
</kw>
<status status="PASS" starttime="20231106 20:46:37.253" endtime="20231106 20:46:37.359"/>
</kw>
<kw name="Senha" library="LoginPage">
<arg>${senha}</arg>
<kw name="Input Password" library="SeleniumLibrary">
<arg>id:passw</arg>
<arg>${pswd}</arg>
<doc>Types the given password into the text field identified by ``locator``.</doc>
<msg timestamp="20231106 20:46:37.359" level="INFO">Typing password into text field 'id:passw'.</msg>
<msg timestamp="20231106 20:46:37.376" level="INFO">Temporally setting log level to: NONE</msg>
<msg timestamp="20231106 20:46:37.398" level="INFO">Log level changed from NONE to INFO.</msg>
<status status="PASS" starttime="20231106 20:46:37.359" endtime="20231106 20:46:37.398"/>
</kw>
<status status="PASS" starttime="20231106 20:46:37.359" endtime="20231106 20:46:37.398"/>
</kw>
<kw name="Botao Login" library="LoginPage">
<kw name="Click Element" library="SeleniumLibrary">
<arg>name:btnSubmit</arg>
<doc>Click the element identified by ``locator``.</doc>
<msg timestamp="20231106 20:46:37.398" level="INFO">Clicking element 'name:btnSubmit'.</msg>
<status status="PASS" starttime="20231106 20:46:37.398" endtime="20231106 20:46:37.750"/>
</kw>
<status status="PASS" starttime="20231106 20:46:37.398" endtime="20231106 20:46:37.750"/>
</kw>
<status status="PASS" starttime="20231106 20:46:37.021" endtime="20231106 20:46:37.750"/>
</kw>
<kw name="Quando clicar no botao de logoff" library="ResourceLogin">
<kw name="Logout" library="LoginPage">
<kw name="Click Element" library="SeleniumLibrary">
<arg>id:LoginLink</arg>
<doc>Click the element identified by ``locator``.</doc>
<msg timestamp="20231106 20:46:37.751" level="INFO">Clicking element 'id:LoginLink'.</msg>
<status status="PASS" starttime="20231106 20:46:37.751" endtime="20231106 20:46:38.234"/>
</kw>
<status status="PASS" starttime="20231106 20:46:37.751" endtime="20231106 20:46:38.234"/>
</kw>
<status status="PASS" starttime="20231106 20:46:37.751" endtime="20231106 20:46:38.234"/>
</kw>
<kw name="Entao sera exibido a tela home do Altoro Mutual" library="ResourceLogin">
<kw name="Valida Logout" library="LoginPage">
<arg>${telaLogin}</arg>
<kw name="Element Text Should Be" library="SeleniumLibrary">
<arg>id:AccountLink</arg>
<arg>${msgTelaLogin}</arg>
<doc>Verifies that element ``locator`` contains exact the text ``expected``.</doc>
<msg timestamp="20231106 20:46:38.235" level="INFO">Verifying element 'id:AccountLink' contains exact text 'ONLINE BANKING LOGIN'.</msg>
<status status="PASS" starttime="20231106 20:46:38.235" endtime="20231106 20:46:38.254"/>
</kw>
<status status="PASS" starttime="20231106 20:46:38.234" endtime="20231106 20:46:38.254"/>
</kw>
<status status="PASS" starttime="20231106 20:46:38.234" endtime="20231106 20:46:38.254"/>
</kw>
<kw name="Encerra Sessao" library="LoginPage" type="TEARDOWN">
<kw name="Capture Page Screenshot" library="SeleniumLibrary">
<doc>Takes a screenshot of the current page and embeds it into a log file.</doc>
<msg timestamp="20231106 20:46:38.526" level="INFO" html="true">&lt;/td&gt;&lt;/tr&gt;&lt;tr&gt;&lt;td colspan="3"&gt;&lt;a href="selenium-screenshot-10.png"&gt;&lt;img src="selenium-screenshot-10.png" width="800px"&gt;&lt;/a&gt;</msg>
<status status="PASS" starttime="20231106 20:46:38.254" endtime="20231106 20:46:38.526"/>
</kw>
<kw name="Close Browser" library="SeleniumLibrary">
<doc>Closes the current browser.</doc>
<status status="PASS" starttime="20231106 20:46:38.526" endtime="20231106 20:46:38.592"/>
</kw>
<status status="PASS" starttime="20231106 20:46:38.254" endtime="20231106 20:46:38.592"/>
</kw>
<status status="PASS" starttime="20231106 20:46:35.018" endtime="20231106 20:46:38.592"/>
</test>
<status status="PASS" starttime="20231106 20:46:21.652" endtime="20231106 20:46:38.592"/>
</suite>
<statistics>
<total>
<stat pass="5" fail="0" skip="0">All Tests</stat>
</total>
<tag>
</tag>
<suite>
<stat pass="5" fail="0" skip="0" id="s1" name="Login">Login</stat>
</suite>
</statistics>
<errors>
</errors>
</robot>
